DC,TC,MC,PH
0.0000,0.0000,-0.0242,1
0.0000,0.0000,-0.0242,1
0.0000,0.0130,-0.0410,1
0.0000,0.0130,-0.0410,1
0.0000,0.0130,-0.0410,1
0.0000,0.0130,-0.0410,1
0.0000,0.0000,-0.0578,1
0.0000,0.0000,-0.0578,1
0.0000,0.0000,-0.0745,1
0.0000,0.0000,-0.0745,1
0.0000,0.0000,-0.0745,1
0.0000,0.0000,-0.0745,1
0.0000,0.0000,-0.0578,1
0.0000,0.0000,-0.0578,1
0.0000,0.0000,-0.0745,1
0.0000,0.0000,-0.0745,1
0.0000,0.0000,-0.0745,1
0.0000,0.0000,-0.0745,1
0.0000,0.0000,-0.0913,1
0.0000,0.0000,-0.0913,1
0.0000,0.0000,-0.0745,1
0.0000,0.0000,-0.0745,1
0.0000,0.0000,-0.0578,1
0.0000,0.0000,-0.0578,1
0.0000,0.0000,-0.0578,1
0.0000,0.0000,-0.0578,1
0.0000,0.0000,-0.0578,1
0.0000,0.0000,-0.0578,1
0.0000,0.0000,-0.0578,1
0.0000,0.0000,-0.0578,1
0.0000,0.0000,-0.0578,1
0.0000,0.0000,-0.0578,1
0.0000,0.0000,-0.0745,1
0.0000,0.0000,-0.0745,1
0.0000,0.0000,-0.0578,1
0.0000,0.0000,-0.0578,1
0.0000,0.0000,-0.0578,1
0.0000,0.0000,-0.0578,1
0.0000,0.0000,-0.0578,1
0.0000,0.0000,-0.0578,1
0.0000,0.0000,-0.0745,1
0.0000,0.0000,-0.0745,1
0.0000,0.0000,-0.0745,1
0.0000,0.0000,-0.0745,1
0.0000,0.0000,-0.0745,1
0.0000,0.0000,-0.0745,1
0.0000,0.0000,-0.0745,1
0.0000,0.0000,-0.0745,1
0.0000,0.0000,-0.0578,1
0.0000,0.0000,-0.0578,1
0.0000,0.0000,-0.0745,1
0.0000,0.0000,-0.0745,1
0.0000,0.0000,-0.0745,1
0.0000,0.0000,-0.0745,1
0.0000,0.0000,-0.0745,1
0.0000,0.0000,-0.0745,1
0.0000,0.0000,-0.0745,1
0.0000,0.0000,-0.0745,1
0.0000,0.0000,-0.0913,1
0.0000,0.0000,-0.0913,1
0.0000,0.0000,-0.0913,1
0.0000,0.0000,-0.0913,1
0.0000,0.0000,-0.0745,1
0.0000,0.0000,-0.0745,1
0.0000,0.0000,-0.0745,1
0.0000,0.0000,-0.0745,1
0.0000,0.0000,-0.0745,1
0.0000,0.0000,-0.0745,1
0.0000,0.0000,-0.0578,1
0.0000,0.0000,-0.0578,1
0.0000,0.0000,-0.0745,1
0.0000,0.0000,-0.0745,1
0.0000,0.0000,-0.0745,1
0.0000,0.0000,-0.0745,1
0.0000,0.0000,-0.0745,1
0.0000,0.0000,-0.0745,1
0.0000,0.0000,-0.0745,1
0.0000,0.0000,-0.0745,1
0.0000,0.0000,-0.0913,1
0.0000,0.0000,-0.0913,1
0.0000,0.0000,-0.0745,1
0.0000,0.0000,-0.0745,1
0.0000,0.0000,-0.0745,1
0.0000,0.0000,-0.0745,1
0.0000,0.0000,-0.0578,1
0.0000,0.0000,-0.0578,1
0.0000,0.0000,-0.0578,1
0.0000,0.0000,-0.0578,1
0.0000,0.0000,-0.0745,1
0.0000,0.0000,-0.0745,1
0.0000,0.0000,-0.0745,1
0.0000,0.0000,-0.0745,1
0.0000,0.0000,-0.0745,1
0.0000,0.0000,-0.0745,1
0.0000,0.0000,-0.0745,1
0.0000,0.0000,-0.0745,1
0.0000,0.0000,-0.0745,1
0.0000,0.0000,-0.0745,1
0.0000,0.0000,-0.0745,1
0.0000,0.0000,-0.0745,1
0.0000,0.0000,-0.0745,1
0.0000,0.0000,-0.0745,1
0.0000,0.0000,-0.0578,1
0.0000,0.0000,-0.0578,1
0.0000,0.0000,-0.0578,1
0.0000,0.0000,-0.0578,1
0.0000,0.0000,-0.0410,1
0.0000,0.0000,-0.0410,1
0.0000,0.0000,-0.0578,1
0.0000,0.0000,-0.0578,1
0.0000,0.0000,-0.0578,1
0.0000,0.0000,-0.0578,1
0.0000,0.0000,-0.0578,1
0.0000,0.0000,-0.0578,1
0.0000,0.0000,-0.0745,1
0.0000,0.0000,-0.0745,1
0.0000,0.0000,-0.0578,1
0.0000,0.0000,-0.0578,1
0.0000,0.0000,-0.0578,1
0.0000,0.0000,-0.0578,1
0.0000,0.0000,-0.0745,1
0.0000,0.0000,-0.0745,1
0.0000,0.0000,-0.0913,1
0.0000,0.0000,-0.0913,1
0.0000,0.0000,-0.0913,1
0.0000,0.0000,-0.0913,1
0.0000,0.0000,-0.0913,1
0.0000,0.0000,-0.0913,1
0.0000,0.0000,-0.0745,1
0.0000,0.0000,-0.0745,1
0.0000,0.0000,-0.0745,1
0.0000,0.0000,-0.0745,1
0.0000,0.0000,-0.0745,1
0.0000,0.0000,-0.0745,1
0.0000,0.0000,-0.0578,1
0.0000,0.0000,-0.0578,1
0.0000,0.0000,-0.0745,1
0.0000,0.0000,-0.0745,1
0.0000,0.0000,-0.0578,1
0.0000,0.0000,-0.0578,1
0.0000,0.0000,-0.0913,1
0.0000,0.0000,-0.0913,1
0.0000,0.0000,-0.0745,1
0.0000,0.0000,-0.0745,1
0.0000,0.0000,-0.0745,1
0.0000,0.0000,-0.0745,1
0.0000,0.0000,-0.0745,1
0.0000,0.0000,-0.0745,1
0.0000,0.0000,-0.0745,1
0.0000,0.0000,-0.0745,1
0.0000,0.0000,-0.0745,1
0.0000,0.0000,-0.0745,1
0.0000,0.0000,-0.0745,1
0.0000,0.0000,-0.0745,1
0.0000,0.0000,-0.0745,1
0.0000,0.0000,-0.0745,1
0.0000,0.0000,-0.0745,1
0.0000,0.0000,-0.0745,1
0.0000,0.0000,-0.0578,1
0.0000,0.0000,-0.0578,1
0.0000,0.0000,-0.0578,1
0.0000,0.0000,-0.0578,1
0.0000,0.0000,-0.0578,1
0.0000,0.0000,-0.0578,1
0.0000,0.0000,-0.0745,1
0.0000,0.0000,-0.0745,1
0.0000,0.0000,-0.0745,1
0.0000,0.0000,-0.0745,1
0.0000,0.0000,-0.0745,1
0.0000,0.0000,-0.0745,1
0.0000,0.0000,-0.0578,1
0.0000,0.0000,-0.0578,1
0.0000,0.0000,-0.0578,1
0.0000,0.0000,-0.0578,1
0.0000,0.0000,-0.0410,1
0.0000,0.0000,-0.0410,1
0.0000,0.0000,-0.0578,1
0.0000,0.0000,-0.0578,1
0.0000,0.0000,-0.0578,1
0.0000,0.0000,-0.0578,1
0.0000,0.0000,-0.0578,1
0.0000,0.0000,-0.0578,1
0.0000,0.0000,-0.0578,1
0.0000,0.0000,-0.0578,1
0.0000,0.0000,-0.0745,1
0.0000,0.0000,-0.0745,1
0.0000,0.0000,-0.0578,1
0.0000,0.0000,-0.0578,1
0.0000,0.0000,-0.0578,1
0.0000,0.0000,-0.0578,1
0.0000,0.0000,-0.0578,1
0.0000,0.0000,-0.0578,1
0.0000,0.0000,-0.0578,1
0.0000,0.0000,-0.0578,1
0.0000,0.0000,-0.0745,1
0.0000,0.0000,-0.0745,1
0.0000,0.0000,-0.0578,1
0.0000,0.0000,-0.0578,1
0.0000,0.0000,-0.0578,1
0.0000,0.0000,-0.0578,1
0.0000,0.0000,-0.0410,1
0.0000,0.0000,-0.0410,1
0.0000,0.0000,-0.0578,1
0.0000,0.0000,-0.0578,1
0.0000,0.0000,-0.0410,1
0.0000,0.0000,-0.0410,1
0.0000,0.0000,-0.0578,1
0.0000,0.0000,-0.0578,1
0.0000,0.0000,-0.0578,1
0.0000,0.0000,-0.0578,1
0.0000,0.0000,-0.0745,1
0.0000,0.0000,-0.0745,1
0.0000,0.0000,-0.0745,1
0.0000,0.0000,-0.0745,1
0.0000,0.0000,-0.0578,1
0.0000,0.0000,-0.0578,1
0.0000,0.0000,-0.0745,1
0.0000,0.0000,-0.0745,1
0.0000,0.0000,-0.0578,1
0.0000,0.0000,-0.0578,1
0.0000,0.0000,-0.0745,1
0.0000,0.0000,-0.0745,1
0.0000,0.0000,-0.0745,1
0.0000,0.0000,-0.0745,1
0.0000,0.0000,-0.0913,1
0.0000,0.0000,-0.0913,1
0.0000,0.0000,-0.0745,1
0.0000,0.0000,-0.0745,1
0.0000,0.0000,-0.0745,1
0.0000,0.0000,-0.0745,1
0.0000,0.0000,-0.0745,1
0.0000,0.0000,-0.0745,1
0.0000,0.0000,-0.0578,1
0.0000,0.0000,-0.0578,1
0.0000,0.0000,-0.0578,1
0.0000,0.0000,-0.0578,1
0.0000,0.0000,-0.0745,1
0.0000,0.0000,-0.0745,1
0.0000,0.0000,-0.0745,1
0.0000,0.0000,-0.0745,1
0.0000,0.0000,-0.0745,1
0.0000,0.0000,-0.0745,1
0.0000,0.0029,-0.0578,1
0.0000,0.0029,-0.0578,1
0.0000,0.0029,-0.0745,1
0.0000,0.0029,-0.0745,1
0.0000,0.0248,-0.0745,1
0.0000,0.0248,-0.0745,1
0.0000,0.0248,-0.0745,1
0.0000,0.0248,-0.0745,1
0.0000,0.0459,-0.0578,1
0.0000,0.0459,-0.0578,1
0.0000,0.0459,-0.0745,1
0.0000,0.0459,-0.0745,1
0.0000,0.0666,-0.0745,1
0.0000,0.0666,-0.0745,1
0.0000,0.0666,-0.0578,1
0.0000,0.0666,-0.0578,1
0.0000,0.0859,-0.0410,1
0.0000,0.0859,-0.0410,1
0.0000,0.0859,-0.0410,1
0.0000,0.0859,-0.0410,1
0.0000,0.1055,-0.0578,1
0.0000,0.1055,-0.0578,1
0.0000,0.1055,-0.0745,1
0.0000,0.1055,-0.0745,1
0.0000,0.1420,-0.0745,1
0.0000,0.1420,-0.0745,1
0.0000,0.1420,-0.0745,1
0.0000,0.1420,-0.0745,1
0.0000,0.1422,-0.0745,1
0.0000,0.1422,-0.0745,1
0.0000,0.1422,-0.0745,1
0.0000,0.1422,-0.0745,1
0.0000,0.1602,-0.0578,1
0.0000,0.1602,-0.0578,1
0.0000,0.1602,-0.0745,1
0.0000,0.1602,-0.0745,1
0.0000,0.1500,-0.0745,1
0.0000,0.1500,-0.0745,1
0.0000,0.1500,-0.0745,1
0.0000,0.1500,-0.0745,1
0.0000,0.1700,-0.0578,1
0.0000,0.1700,-0.0578,1
0.0000,0.1700,-0.0578,1
0.0000,0.1700,-0.0578,1
0.0000,0.1870,-0.0578,1
0.0000,0.1870,-0.0578,1
0.0000,0.1870,-0.0745,1
0.0000,0.1870,-0.0745,1
0.0000,0.1500,-0.0410,1
0.0000,0.1500,-0.0410,1
0.0000,0.1500,-0.0578,1
0.0000,0.1500,-0.0578,1
0.0000,0.1700,-0.0410,1
0.0000,0.1700,-0.0410,1
0.0000,0.1700,-0.0578,1
0.0000,0.1700,-0.0578,1
0.0000,0.1865,-0.0410,1
0.0000,0.1865,-0.0410,1
0.0000,0.1865,-0.0410,1
0.0000,0.1865,-0.0410,1
0.0000,0.1500,-0.0578,1
0.0000,0.1500,-0.0578,1
0.0000,0.1500,-0.0578,1
0.0000,0.1500,-0.0578,1
0.0000,0.1865,-0.0578,1
0.0000,0.1865,-0.0578,1
0.0000,0.1865,-0.0578,1
0.0000,0.1865,-0.0578,1
0.0000,0.1706,-0.0410,1
0.0000,0.1706,-0.0410,1
0.0000,0.1706,-0.0578,1
0.0000,0.1706,-0.0578,1
0.0000,0.1501,-0.0410,1
0.0000,0.1501,-0.0410,1
0.0000,0.1501,-0.0578,1
0.0000,0.1501,-0.0578,1
0.0000,0.1861,-0.0410,1
0.0000,0.1861,-0.0410,1
0.0000,0.1861,-0.0410,1
0.0000,0.1861,-0.0410,1
0.0000,0.1711,-0.0410,1
0.0000,0.1711,-0.0410,1
0.0000,0.1711,-0.0410,1
0.0000,0.1711,-0.0410,1
0.0000,0.1501,-0.0410,1
0.0000,0.1501,-0.0410,1
0.0000,0.1501,-0.0578,1
0.0000,0.1501,-0.0578,1
0.0000,0.1861,-0.0745,1
0.0000,0.1861,-0.0745,1
0.0000,0.1861,-0.0578,1
0.0000,0.1861,-0.0578,1
0.0000,0.1706,-0.0410,1
0.0000,0.1706,-0.0410,1
0.0000,0.1706,-0.0578,1
0.0000,0.1706,-0.0578,1
0.0000,0.1501,-0.0410,1
0.0000,0.1501,-0.0410,1
0.0000,0.1501,-0.0578,1
0.0000,0.1501,-0.0578,1
0.0000,0.1861,-0.0578,1
0.0000,0.1861,-0.0578,1
0.0000,0.1861,-0.0410,1
0.0000,0.1861,-0.0410,1
0.0000,0.1706,-0.0578,1
0.0000,0.1706,-0.0578,1
0.0000,0.1706,-0.0578,1
0.0000,0.1706,-0.0578,1
0.0000,0.1506,-0.0578,1
0.0000,0.1506,-0.0578,1
0.0000,0.1506,-0.0578,1
0.0000,0.1506,-0.0578,1
0.0000,0.1861,-0.0578,1
0.0000,0.1861,-0.0578,1
0.0000,0.1861,-0.0745,1
0.0000,0.1861,-0.0745,1
0.0000,0.1706,-0.0578,1
0.0000,0.1706,-0.0578,1
0.0000,0.1706,-0.0745,1
0.0000,0.1706,-0.0745,1
0.0000,0.1501,-0.0578,1
0.0000,0.1501,-0.0578,1
0.0000,0.1501,-0.0578,1
0.0000,0.1501,-0.0578,1
0.0000,0.1866,-0.0578,1
0.0000,0.1866,-0.0578,1
0.0000,0.1866,-0.0578,1
0.0000,0.1866,-0.0578,1
0.0000,0.1706,-0.0578,1
0.0000,0.1706,-0.0578,1
0.0000,0.1706,-0.0745,1
0.0000,0.1706,-0.0745,1
0.0000,0.1501,-0.0578,1
0.0000,0.1501,-0.0578,1
0.0000,0.1501,-0.0578,1
0.0000,0.1501,-0.0578,1
0.0109,0.1861,-0.0410,1
0.0116,0.1861,-0.0410,1
0.0000,0.1861,-0.0578,1
0.0000,0.1861,-0.0578,1
0.0000,0.1706,-0.0578,1
0.0000,0.1706,-0.0578,1
0.0000,0.1706,-0.0578,1
0.0000,0.1706,-0.0578,1
0.0000,0.1506,-0.0578,1
0.0000,0.1506,-0.0578,1
0.0000,0.1506,-0.0745,1
0.0000,0.1506,-0.0745,1
0.0000,0.1861,-0.0578,1
0.0000,0.1861,-0.0578,1
0.0000,0.1861,-0.0578,1
0.0000,0.1861,-0.0578,1
0.0000,0.1706,-0.0578,1
0.0000,0.1706,-0.0578,1
0.0000,0.1706,-0.0578,1
0.0000,0.1706,-0.0578,1
0.0000,0.1501,-0.0410,1
0.0000,0.1501,-0.0410,1
0.0000,0.1501,-0.0410,1
0.0000,0.1501,-0.0410,1
0.0000,0.1871,-0.0578,1
0.0000,0.1871,-0.0578,1
0.0279,0.1871,-0.0410,1
0.0287,0.1871,-0.0410,1
0.0000,0.1501,-0.0410,1
0.0000,0.1501,-0.0410,1
0.0000,0.1501,-0.0242,1
0.0000,0.1501,-0.0242,1
0.0000,0.1702,-0.0410,1
0.0000,0.1702,-0.0410,1
0.0000,0.1702,-0.0410,1
0.0000,0.1702,-0.0410,1
0.0000,0.1867,-0.0578,1
0.0003,0.1867,-0.0578,1
0.0010,0.1867,-0.0578,1
0.0016,0.1867,-0.0578,1
0.0000,0.1507,-0.0578,1
0.0000,0.1507,-0.0578,1
0.0000,0.1507,-0.0578,1
0.0000,0.1507,-0.0578,1
0.0047,0.1702,-0.0410,1
0.0054,0.1702,-0.0410,1
0.0397,0.1702,-0.0242,1
0.0404,0.1702,-0.0242,1
0.0406,0.1867,-0.0410,1
0.0413,0.1867,-0.0410,1
0.0083,0.1867,-0.0578,1
0.0090,0.1867,-0.0578,1
0.0000,0.1502,-0.0410,1
0.0000,0.1502,-0.0410,1
0.0000,0.1502,-0.0410,1
0.0000,0.1502,-0.0410,1
0.0445,0.1862,-0.0410,1
0.0452,0.1862,-0.0410,1
0.0460,0.1862,-0.0410,1
0.0467,0.1862,-0.0410,1
0.0000,0.1707,-0.0578,1
0.0000,0.1707,-0.0578,1
0.0511,0.1707,-0.0242,1
0.0519,0.1707,-0.0242,1
0.0000,0.1507,-0.0410,1
0.0000,0.1507,-0.0410,1
0.0000,0.1507,-0.0410,1
0.0000,0.1507,-0.0410,1
0.0201,0.1702,-0.0410,1
0.0208,0.1702,-0.0410,1
0.0214,0.1702,-0.0410,1
0.0221,0.1702,-0.0410,1
0.0558,0.1867,-0.0410,1
0.0565,0.1867,-0.0410,1
0.0909,0.1867,-0.0242,1
0.0917,0.1867,-0.0242,1
0.0000,0.1502,-0.0410,1
0.0000,0.1502,-0.0410,1
0.0205,0.1502,-0.0242,1
0.0211,0.1502,-0.0242,1
0.0618,0.1702,-0.0242,1
0.0626,0.1702,-0.0242,1
0.0296,0.1702,-0.0410,1
0.0303,0.1702,-0.0410,1
0.0640,0.1867,-0.0410,1
0.0648,0.1867,-0.0410,1
0.0991,0.1867,-0.0242,1
0.1000,0.1867,-0.0242,1
0.0000,0.1502,-0.0578,1
0.0000,0.1502,-0.0578,1
0.0000,0.1502,-0.0410,1
0.0000,0.1502,-0.0410,1
0.0361,0.1702,-0.0410,1
0.0367,0.1702,-0.0410,1
0.0710,0.1702,-0.0242,1
0.0717,0.1702,-0.0242,1
0.0729,0.1872,-0.0410,1
0.0736,0.1872,-0.0410,1
0.1080,0.1872,-0.0242,1
0.1088,0.1872,-0.0242,1
0.0355,0.1502,-0.0242,1
0.0361,0.1502,-0.0242,1
0.0367,0.1502,-0.0242,1
0.0374,0.1502,-0.0242,1
0.0429,0.1862,-0.0578,1
0.0435,0.1862,-0.0578,1
0.0441,0.1862,-0.0578,1
0.0448,0.1862,-0.0578,1
0.0480,0.1707,-0.0410,1
0.0487,0.1707,-0.0410,1
0.0493,0.1707,-0.0410,1
0.0500,0.1707,-0.0410,1
0.0432,0.1502,-0.0242,1
0.0438,0.1502,-0.0242,1
0.0108,0.1502,-0.0410,1
0.0113,0.1502,-0.0410,1
0.0856,0.1702,-0.0242,1
0.0864,0.1702,-0.0242,1
0.0534,0.1702,-0.0410,1
0.0541,0.1702,-0.0410,1
0.0552,0.1872,-0.0578,1
0.0558,0.1872,-0.0578,1
0.0565,0.1872,-0.0578,1
0.0571,0.1872,-0.0578,1
0.0000,0.1502,-0.0578,1
0.0000,0.1502,-0.0578,1
0.0000,0.1502,-0.0578,1
0.0000,0.1502,-0.0578,1
0.0255,0.1702,-0.0578,1
0.0261,0.1702,-0.0578,1
0.0267,0.1702,-0.0578,1
0.0272,0.1702,-0.0578,1
0.0609,0.1868,-0.0578,1
0.0615,0.1868,-0.0578,1
0.0958,0.1868,-0.0410,1
0.0966,0.1868,-0.0410,1
0.0241,0.1503,-0.0410,1
0.0247,0.1503,-0.0410,1
0.0589,0.1503,-0.0242,1
0.0595,0.1503,-0.0242,1
0.0987,0.1863,-0.0410,1
0.0994,0.1863,-0.0410,1
0.0665,0.1863,-0.0578,1
0.0671,0.1863,-0.0578,1
0.0367,0.1708,-0.0578,1
0.0372,0.1708,-0.0578,1
0.0378,0.1708,-0.0578,1
0.0384,0.1708,-0.0578,1
0.0325,0.1508,-0.0410,1
0.0330,0.1508,-0.0410,1
0.0000,0.1508,-0.0578,1
0.0004,0.1508,-0.0578,1
0.1073,0.1703,-0.0242,1
0.1080,0.1703,-0.0242,1
0.0751,0.1703,-0.0410,1
0.0757,0.1703,-0.0410,1
0.1095,0.1868,-0.0410,1
0.1102,0.1868,-0.0410,1
0.1109,0.1868,-0.0410,1
0.1117,0.1868,-0.0410,1
0.0729,0.1503,-0.0242,1
0.0735,0.1503,-0.0242,1
0.0741,0.1503,-0.0242,1
0.0748,0.1503,-0.0242,1
0.1155,0.1703,-0.0242,1
0.1162,0.1703,-0.0242,1
0.0833,0.1703,-0.0410,1
0.0840,0.1703,-0.0410,1
0.1514,0.1868,-0.0242,1
0.1522,0.1868,-0.0242,1
0.1530,0.1868,-0.0242,1
0.1538,0.1868,-0.0242,1
0.0814,0.1503,-0.0242,1
0.0821,0.1503,-0.0242,1
0.1164,0.1503,-0.0074,1
0.1171,0.1503,-0.0074,1
0.1920,0.1873,-0.0074,1
0.1929,0.1873,-0.0074,1
0.1601,0.1873,-0.0242,1
0.1609,0.1873,-0.0242,1
0.1623,0.1708,-0.0074,1
0.1632,0.1708,-0.0074,1
0.0966,0.1708,-0.0410,1
0.0973,0.1708,-0.0410,1
0.0905,0.1503,-0.0242,1
0.0911,0.1503,-0.0242,1
0.0918,0.1503,-0.0242,1
0.0924,0.1503,-0.0242,1
0.1316,0.1863,-0.0410,1
0.1323,0.1863,-0.0410,1
0.1330,0.1863,-0.0410,1
0.1337,0.1863,-0.0410,1
0.1371,0.1708,-0.0242,1
0.1378,0.1708,-0.0242,1
0.1049,0.1708,-0.0410,1
0.1055,0.1708,-0.0410,1
0.0997,0.1508,-0.0242,1
0.1004,0.1508,-0.0242,1
0.1347,0.1508,-0.0074,1
0.1354,0.1508,-0.0074,1
0.2073,0.1863,-0.0074,1
0.2082,0.1863,-0.0074,1
0.2091,0.1863,-0.0074,2
0.2100,0.1863,-0.0074,2
0.1481,0.1718,-0.0242,2
0.1489,0.1718,-0.0242,2
0.0000,0.1718,1.3693,2
0.0000,0.1718,1.3693,2
0.0000,0.1658,0.4459,2
0.0000,0.1658,0.4459,2
0.1308,0.1658,0.0262,2
0.1315,0.1658,0.0262,2
0.1789,0.1703,-0.0074,2
0.1797,0.1703,-0.0074,2
0.1805,0.1703,-0.0074,2
0.1813,0.1703,-0.0074,2
0.0000,0.1703,0.3955,2
0.0000,0.1703,0.3955,2
0.0000,0.1703,0.2780,2
0.0000,0.1703,0.2780,2
0.0000,0.1503,0.1773,2
0.0000,0.1503,0.1773,2
0.0000,0.1503,0.1101,2
0.0000,0.1503,0.1101,2
0.0719,0.1693,0.0598,2
0.0725,0.1693,0.0598,2
0.1740,0.1693,0.0094,2
0.1748,0.1693,0.0094,2
0.1807,0.1698,-0.0074,2
0.1815,0.1698,-0.0074,2
0.1783,0.1698,0.0094,2
0.1791,0.1698,0.0094,2
0.0000,0.1854,0.3955,2
0.0000,0.1854,0.3955,2
0.0000,0.1854,0.2612,2
0.0000,0.1854,0.2612,2
0.0000,0.1704,0.1605,2
0.0000,0.1704,0.1605,2
0.0000,0.1704,0.1101,2
0.0000,0.1704,0.1101,2
0.0777,0.1704,0.0598,2
0.0783,0.1704,0.0598,2
0.1462,0.1704,0.0262,2
0.1469,0.1704,0.0262,2
0.1402,0.1499,0.0094,2
0.1409,0.1499,0.0094,2
0.1456,0.1499,-0.0074,2
0.1463,0.1499,-0.0074,2
0.1831,0.1699,0.0094,2
0.1839,0.1699,0.0094,2
0.1888,0.1699,-0.0074,2
0.1896,0.1699,-0.0074,2
0.0000,0.1694,0.4123,2
0.0000,0.1694,0.4123,2
0.0000,0.1694,0.2780,2
0.0000,0.1694,0.2780,2
0.0000,0.1859,0.1773,2
0.0000,0.1859,0.1773,2
0.0130,0.1859,0.1101,2
0.0134,0.1859,0.1101,2
0.0837,0.1704,0.0598,2
0.0843,0.1704,0.0598,2
0.1858,0.1704,0.0094,2
0.1866,0.1704,0.0094,2
0.1874,0.1704,0.0094,2
0.1882,0.1704,0.0094,2
0.1554,0.1704,0.0262,2
0.1561,0.1704,0.0262,2
0.0000,0.1499,0.4123,2
0.0000,0.1499,0.4123,2
0.0000,0.1499,0.2612,2
0.0000,0.1499,0.2612,2
0.0000,0.1699,0.1605,2
0.0000,0.1699,0.1605,2
0.0000,0.1699,0.1101,2
0.0000,0.1699,0.1101,2
0.1165,0.1854,0.0598,2
0.1172,0.1854,0.0598,2
0.1851,0.1854,0.0262,2
0.1859,0.1854,0.0262,2
0.1933,0.1699,-0.0074,2
0.1942,0.1699,-0.0074,2
0.1950,0.1699,-0.0074,2
0.1958,0.1699,-0.0074,2
0.1976,0.1704,-0.0074,2
0.1984,0.1704,-0.0074,2
0.0000,0.1704,0.4123,2
0.0000,0.1704,0.4123,2
0.0000,0.1704,0.2612,2
0.0000,0.1704,0.2612,2
0.0000,0.1704,0.1773,2
0.0000,0.1704,0.1773,2
0.0000,0.1499,0.0933,2
0.0000,0.1499,0.0933,2
0.0840,0.1499,0.0430,2
0.0845,0.1499,0.0430,2
0.1598,0.1704,0.0262,2
0.1605,0.1704,0.0262,2
0.1949,0.1704,0.0094,2
0.1957,0.1704,0.0094,2
0.2306,0.1854,-0.0074,2
0.2315,0.1854,-0.0074,2
0.2284,0.1854,0.0094,2
0.2293,0.1854,0.0094,2
0.0000,0.1704,0.4123,2
0.0000,0.1704,0.4123,2
0.0000,0.1704,0.6810,2
0.0000,0.1704,0.6810,2
0.0000,0.1704,0.4459,2
0.0000,0.1704,0.4459,2
0.0000,0.1704,0.2948,2
0.0000,0.1704,0.2948,2
0.0000,0.1499,0.1773,2
0.0000,0.1499,0.1773,2
0.0000,0.1499,0.0933,2
0.0000,0.1499,0.0933,2
0.1256,0.1699,0.0430,2
0.1263,0.1699,0.0430,2
0.1942,0.1699,0.0094,2
0.1950,0.1699,0.0094,2
0.2320,0.1859,-0.0074,2
0.2329,0.1859,-0.0074,2
0.2297,0.1859,0.0094,2
0.2306,0.1859,0.0094,2
0.1994,0.1699,0.0094,2
0.2002,0.1699,0.0094,2
0.0000,0.1699,0.4123,2
0.0000,0.1699,0.4123,2
0.0000,0.1705,0.2612,2
0.0000,0.1705,0.2612,2
0.0000,0.1705,0.1773,2
0.0000,0.1705,0.1773,2
0.0000,0.1505,0.0933,2
0.0000,0.1505,0.0933,2
0.0581,0.1505,0.0598,2
0.0586,0.1505,0.0598,2
0.1655,0.1700,0.0262,2
0.1662,0.1700,0.0262,2
0.2006,0.1700,0.0094,2
0.2014,0.1700,0.0094,2
0.2012,0.1695,0.0094,2
0.2020,0.1695,0.0094,2
0.2068,0.1695,-0.0074,2
0.2076,0.1695,-0.0074,2
0.0000,0.1860,0.4123,2
0.0000,0.1860,0.4123,2
0.0000,0.1860,0.2444,2
0.0000,0.1860,0.2444,2
0.0000,0.1700,0.1605,2
0.0000,0.1700,0.1605,2
0.0343,0.1700,0.0933,2
0.0347,0.1700,0.0933,2
0.1034,0.1705,0.0598,2
0.1040,0.1705,0.0598,2
0.1719,0.1705,0.0262,2
0.1726,0.1705,0.0262,2
0.1659,0.1500,0.0094,2
0.1666,0.1500,0.0094,2
0.1713,0.1500,-0.0074,2
0.1720,0.1500,-0.0074,3
0.0000,0.1700,-0.1249,3
0.0000,0.1700,-0.1249,3
0.0000,0.1700,1.1510,3
0.0000,0.1700,1.1510,3
0.0000,0.0000,0.7313,3
0.0000,0.0000,0.7313,3
0.0000,0.0000,0.4627,3
0.0000,0.0000,0.4627,3
0.0000,0.0000,0.2780,3
0.0000,0.0000,0.2780,3
0.0000,0.0000,0.1437,3
0.0000,0.0000,0.1437,3
0.0000,0.0000,0.0598,3
0.0000,0.0000,0.0598,3
0.0000,0.0000,0.0262,3
0.0000,0.0000,0.0262,3
0.0000,0.0000,-0.0242,3
0.0000,0.0000,-0.0242,3
0.0000,0.0000,-0.0745,3
0.0000,0.0000,-0.0745,3
0.0000,0.0000,-0.0913,3
0.0000,0.0000,-0.0913,3
0.0000,0.0000,-0.1249,3
0.0000,0.0000,-0.1249,3
0.0000,0.0000,-0.1249,3
0.0000,0.0000,-0.1249,3
0.0000,0.0000,-0.1249,3
0.0000,0.0000,-0.1249,3
0.0000,0.0000,-0.1417,3
0.0000,0.0000,-0.1417,3
0.0000,0.0000,-0.1249,3
0.0000,0.0000,-0.1249,3
0.0000,0.0000,-0.1417,3
0.0000,0.0000,-0.1417,3
0.0000,0.0000,-0.1417,3
0.0000,0.0000,-0.1417,3
0.0000,0.0000,-0.1417,3
0.0000,0.0000,-0.1417,3
0.0000,0.0000,-0.1417,3
0.0000,0.0000,-0.1417,3
0.0000,0.0000,-0.1585,3
0.0000,0.0000,-0.1585,3
0.0000,0.0000,-0.1585,3
0.0000,0.0000,-0.1585,3
0.0000,0.0000,-0.1585,3
0.0000,0.0000,-0.1585,3
0.0000,0.0000,-0.1585,3
0.0000,0.0000,-0.1585,3
0.0000,0.0000,-0.1417,3
0.0000,0.0000,-0.1417,3
0.0000,0.0000,-0.1417,3
0.0000,0.0000,-0.1417,3
0.0000,0.0000,-0.1417,3
0.0000,0.0000,-0.1417,3
0.0000,0.0000,-0.1417,3
0.0000,0.0000,-0.1417,3
0.0000,0.0000,-0.1585,3
0.0000,0.0000,-0.1585,3
0.0000,0.0000,-0.1417,3
0.0000,0.0000,-0.1417,3
0.0000,0.0000,-0.1417,3
0.0000,0.0000,-0.1417,3
0.0000,0.0000,-0.1417,3
0.0000,0.0000,-0.1417,3
0.0000,0.0000,-0.1417,3
0.0000,0.0000,-0.1417,3
0.0000,0.0000,-0.1585,3
0.0000,0.0000,-0.1585,3
0.0000,0.0000,-0.1417,3
0.0000,0.0000,-0.1417,3
0.0000,0.0000,-0.1249,3
0.0000,0.0000,-0.1249,3
0.0000,0.0000,-0.1249,3
0.0000,0.0000,-0.1249,3
0.0000,0.0000,-0.1417,3
0.0000,0.0000,-0.1417,3
0.0000,0.0000,-0.1417,3
0.0000,0.0000,-0.1417,3
0.0000,0.0000,-0.1585,3
0.0000,0.0000,-0.1585,3
0.0000,0.0000,-0.1585,3
0.0000,0.0000,-0.1585,3
0.0000,0.0000,-0.1585,3
0.0000,0.0000,-0.1585,3
0.0000,0.0000,-0.1585,3
0.0000,0.0000,-0.1585,3
0.0000,0.0000,-0.1417,3
0.0000,0.0000,-0.1417,3
0.0000,0.0000,-0.1417,3
0.0000,0.0000,-0.1417,3
0.0000,0.0000,-0.1417,3
0.0000,0.0000,-0.1417,3
0.0000,0.0000,-0.1417,3
0.0000,0.0000,-0.1417,3
0.0000,0.0000,-0.1249,3
0.0000,0.0000,-0.1249,3
0.0000,0.0000,-0.1249,3
0.0000,0.0000,-0.1249,3
0.0000,0.0000,-0.1249,3
0.0000,0.0000,-0.1249,3
0.0000,0.0000,-0.1249,3
0.0000,0.0000,-0.1249,3
0.0000,0.0000,-0.1417,3
0.0000,0.0000,-0.1417,3
0.0000,0.0000,-0.1417,3
0.0000,0.0000,-0.1417,3
0.0000,0.0000,-0.1585,3
0.0000,0.0000,-0.1585,3
0.0000,0.0000,-0.1249,3
0.0000,0.0000,-0.1249,3
0.0000,0.0000,-0.1417,3
0.0000,0.0000,-0.1417,3
0.0000,0.0000,-0.1249,3
0.0000,0.0000,-0.1249,3
0.0000,0.0000,-0.1417,3
0.0000,0.0000,-0.1417,3
0.0000,0.0000,-0.1417,3
0.0000,0.0000,-0.1417,3
0.0000,0.0000,-0.1249,3
0.0000,0.0000,-0.1249,3
0.0000,0.0000,-0.1081,3
0.0000,0.0000,-0.1081,3
0.0000,0.0000,-0.1417,3
0.0000,0.0000,-0.1417,3
0.0000,0.0000,-0.1417,3
0.0000,0.0000,-0.1417,3
0.0000,0.0000,-0.1417,3
0.0000,0.0000,-0.1417,3
0.0000,0.0000,-0.1249,3
0.0000,0.0000,-0.1249,3
0.0000,0.0000,-0.1249,3
0.0000,0.0000,-0.1249,3
0.0000,0.0000,-0.1249,3
0.0000,0.0000,-0.1249,3
0.0000,0.0000,-0.1081,3
0.0000,0.0000,-0.1081,3
0.0000,0.0000,-0.0913,3
0.0000,0.0000,-0.0913,3
0.0000,0.0000,-0.1081,3
0.0000,0.0000,-0.1081,3
0.0000,0.0000,-0.0913,3
0.0000,0.0000,-0.0913,3
0.0000,0.0000,-0.1249,3
0.0000,0.0000,-0.1249,3
0.0000,0.0000,-0.1081,3
0.0000,0.0000,-0.1081,3
0.0000,0.0000,-0.1081,3
0.0000,0.0000,-0.1081,3
0.0000,0.0000,-0.1081,3
0.0000,0.0000,-0.1081,3
0.0000,0.0000,-0.1249,3
0.0000,0.0000,-0.1249,3
0.0000,0.0000,-0.1081,3
0.0000,0.0000,-0.1081,3
0.0000,0.0000,-0.0913,3
0.0000,0.0000,-0.0913,3
0.0000,0.0000,-0.1081,3
0.0000,0.0000,-0.1081,3
0.0000,0.0000,-0.1081,3
0.0000,0.0000,-0.1081,3
0.0000,0.0000,-0.0913,3
0.0000,0.0000,-0.0913,3
0.0000,0.0000,-0.1081,3
0.0000,0.0000,-0.1081,3
0.0000,0.0000,-0.0913,3
0.0000,0.0000,-0.0913,3
0.0000,0.0000,-0.0913,3
0.0000,0.0000,-0.0913,3
0.0000,0.0000,-0.1081,3
0.0000,0.0000,-0.1081,3
0.0000,0.0000,-0.1249,3
0.0000,0.0000,-0.1249,3
0.0000,0.0000,-0.1081,3
0.0000,0.0000,-0.1081,3
0.0000,0.0000,-0.0913,3
0.0000,0.0000,-0.0913,3
0.0000,0.0000,-0.1081,3
0.0000,0.0000,-0.1081,3
0.0000,0.0000,-0.1081,3
0.0000,0.0000,-0.1081,3
0.0000,0.0000,-0.0913,3
0.0000,0.0000,-0.0913,3
0.0000,0.0000,-0.1249,3
0.0000,0.0000,-0.1249,3
0.0000,0.0000,-0.0913,3
0.0000,0.0000,-0.0913,3
0.0000,0.0000,-0.1081,3
0.0000,0.0000,-0.1081,3
0.0000,0.0000,-0.1249,3
0.0000,0.0000,-0.1249,3
0.0000,0.0000,-0.1081,3
0.0000,0.0000,-0.1081,3
0.0000,0.0000,-0.0913,3
0.0000,0.0000,-0.0913,3
0.0000,0.0000,-0.0913,3
0.0000,0.0000,-0.0913,3
0.0000,0.0000,-0.0913,3
0.0000,0.0000,-0.0913,3
0.0000,0.0000,-0.0913,3
0.0000,0.0000,-0.0913,3
0.0000,0.0000,-0.0745,3
0.0000,0.0000,-0.0745,3
0.0000,0.0000,-0.0913,3
0.0000,0.0000,-0.0913,3
0.0000,0.0000,-0.0745,3
0.0000,0.0000,-0.0745,3
0.0000,0.0000,-0.0913,3
0.0000,0.0000,-0.0913,3
0.0000,0.0000,-0.0913,3
0.0000,0.0000,-0.0913,3
0.0000,0.0000,-0.0913,3
0.0000,0.0000,-0.0913,3
0.0000,0.0000,-0.0913,3
0.0000,0.0000,-0.0913,3
0.0000,0.0000,-0.0913,3
0.0000,0.0000,-0.0913,3
0.0000,0.0000,-0.0913,3
0.0000,0.0000,-0.0913,3
0.0000,0.0000,-0.0745,3
0.0000,0.0000,-0.0745,3
0.0000,0.0000,-0.0745,3
0.0000,0.0000,-0.0745,3
0.0000,0.0000,-0.0913,3
0.0000,0.0000,-0.0913,3
0.0000,0.0000,-0.0745,3
0.0000,0.0000,-0.0745,3
0.0000,0.0000,-0.0913,3
0.0000,0.0000,-0.0913,3
0.0000,0.0000,-0.1081,3
0.0000,0.0000,-0.1081,3
0.0000,0.0000,-0.0913,3
0.0000,0.0000,-0.0913,3
0.0000,0.0000,-0.0745,3
0.0000,0.0000,-0.0745,3
0.0000,0.0000,-0.0913,3
0.0000,0.0000,-0.0913,3
0.0000,0.0000,-0.0913,3
0.0000,0.0000,-0.0913,3
0.0000,0.0000,-0.0913,3
0.0000,0.0000,-0.0913,3
0.0000,0.0000,-0.0745,3
0.0000,0.0000,-0.0745,3
0.0000,0.0000,-0.0913,3
0.0000,0.0000,-0.0913,3
0.0000,0.0000,-0.1081,3
0.0000,0.0000,-0.1081,3
0.0000,0.0000,-0.0913,3
0.0000,0.0000,-0.0913,3
0.0000,0.0000,-0.0745,3
0.0000,0.0000,-0.0745,3
0.0000,0.0000,-0.0578,3
0.0000,0.0000,-0.0578,3
0.0000,0.0000,-0.0745,3
0.0000,0.0000,-0.0745,3
0.0000,0.0000,-0.0913,3
0.0000,0.0000,-0.0913,3
0.0000,0.0000,-0.1081,3
0.0000,0.0000,-0.1081,3
0.0000,0.0000,-0.0913,3
0.0000,0.0000,-0.0913,3
0.0000,0.0000,-0.0913,3
0.0000,0.0000,-0.0913,3

0.2101,0.5216,0.3116,5
0.0000,0.1616,0.3116,5
0.0000,0.1616,0.1773,5
0.0000,0.1616,0.1773,5
0.0000,0.1491,0.1269,5
0.0000,0.1491,0.1269,5
0.0000,0.1491,0.0598,5
0.0000,0.1491,0.0598,5
0.1897,0.2086,0.0094,5
0.1907,0.2086,0.0094,5
0.1957,0.2086,-0.0074,5
0.1967,0.2086,-0.0074,5
0.1340,0.1936,-0.0242,5
0.1349,0.1936,-0.0242,5
0.1357,0.1936,-0.0242,5
0.1366,0.1936,-0.0242,5
0.1374,0.1936,-0.0242,5
0.1383,0.1936,-0.0242,5
0.0718,0.1936,-0.0578,5
0.0725,0.1936,-0.0578,5
0.0320,0.1731,-0.0578,5
0.0326,0.1731,-0.0578,5
0.0332,0.1731,-0.0578,5
0.0338,0.1731,-0.0578,5
0.1081,0.1931,-0.0410,5
0.1089,0.1931,-0.0410,5
0.0423,0.1931,-0.0745,5
0.0429,0.1931,-0.0745,5
0.0762,0.1926,-0.0578,5
0.0768,0.1926,-0.0578,5
0.0775,0.1926,-0.0578,5
0.0782,0.1926,-0.0578,5
0.1120,0.2091,-0.0578,5
0.1127,0.2091,-0.0578,5
0.0798,0.2091,-0.0745,5
0.0805,0.2091,-0.0745,5
0.0501,0.1936,-0.0745,5
0.0507,0.1936,-0.0745,5
0.0513,0.1936,-0.0745,0
0.0519,0.1936,-0.0745,0
0.0000,0.1936,-0.7629,0
0.0000,0.0000,-0.7629,0
0.0000,0.0000,-0.5446,0
0.0000,0.0000,-0.5446,0
0.0000,0.0000,-0.3767,0
0.0000,0.0000,-0.3767,0
0.0000,0.0000,-0.2928,0
0.0000,0.0000,-0.2928,0
0.0000,0.0000,-0.2089,0
0.0000,0.0000,-0.2089,0
0.0000,0.0000,-0.1753,0
0.0000,0.0000,-0.1753,0
0.0000,0.0000,-0.1417,0
0.0000,0.0000,-0.1417,0
0.0000,0.0000,-0.1081,0
0.0000,0.0000,-0.1081,0
0.0000,0.0000,-0.1081,0
0.0000,0.0000,-0.1081,0
0.0000,0.0000,-0.1249,0
0.0000,0.0000,-0.1249,0
0.0000,0.0000,-0.1081,0
0.0000,0.0000,-0.1081,0
0.0000,0.0000,-0.1249,0
0.0000,0.0000,-0.1249,0
0.0000,0.0000,-0.1081,0
0.0000,0.0000,-0.1081,0
0.0000,0.0000,-0.1249,0
0.0000,0.0000,-0.1249,0
0.0000,0.0121,-0.0913,0
0.0000,0.0121,-0.0913,0
0.0000,0.0121,-0.0913,0
0.0000,0.0121,-0.0913,0
0.0000,0.0000,-0.1081,0
0.0000,0.0000,-0.1081,0
0.0000,0.0000,-0.1081,0
0.0000,0.0000,-0.1081,0
0.0000,0.0121,-0.0913,0
0.0000,0.0121,-0.0913,0
0.0000,0.0121,-0.0913,0
0.0000,0.0121,-0.0913,0
0.0000,0.0000,-0.0913,0
0.0000,0.0000,-0.0913,0
0.0000,0.0000,-0.0913,0
0.0000,0.0000,-0.0913,0
0.0000,0.0000,-0.0913,0
0.0000,0.0000,-0.0913,0
0.0000,0.0000,-0.1081,0
0.0000,0.0000,-0.1081,0
0.0000,0.0000,-0.1081,0
0.0000,0.0000,-0.1081,0
0.0000,0.0000,-0.0913,0
0.0000,0.0000,-0.0913,0
0.0000,0.0000,-0.1081,0
0.0000,0.0000,-0.1081,0
0.0000,0.0000,-0.0913,0
0.0000,0.0000,-0.0913,0
0.0000,0.0000,-0.0913,0
0.0000,0.0000,-0.0913,0
0.0000,0.0000,-0.1081,0
0.0000,0.0000,-0.1081,0
0.0000,0.0000,-0.1081,0
0.0000,0.0000,-0.1081,0
0.0000,0.0000,-0.1249,0
0.0000,0.0000,-0.1249,0
0.0000,0.0121,-0.1249,0
0.0000,0.0121,-0.1249,0
0.0000,0.0121,-0.1081,0
0.0000,0.0121,-0.1081,0
0.0000,0.0000,-0.0913,0
0.0000,0.0000,-0.0913,0
0.0000,0.0000,-0.0913,0
0.0000,0.0000,-0.0913,0
0.0000,0.0116,-0.0913,0
0.0000,0.0116,-0.0913,0
0.0000,0.0116,-0.1081,0
0.0000,0.0116,-0.1081,0
0.0000,0.0000,-0.0913,1
0.0000,0.0000,-0.0913,1
0.0000,0.0000,-0.1081,1
0.0000,0.0000,-0.1081,1
0.0000,0.0000,-0.0913,1
0.0000,0.0000,-0.0913,1
0.0000,0.0000,-0.1081,1
0.0000,0.0000,-0.1081,1
0.0000,0.0000,-0.0913,1
0.0000,0.0000,-0.0913,1
0.0000,0.0000,-0.1081,1
0.0000,0.0000,-0.1081,1
0.0000,0.0126,-0.1081,1
0.0000,0.0126,-0.1081,1
0.0000,0.0126,-0.0913,1
0.0000,0.0126,-0.0913,1
0.0000,0.0000,-0.1081,1
0.0000,0.0000,-0.1081,1
0.0000,0.0000,-0.1081,1
0.0000,0.0000,-0.1081,1
0.0000,0.0000,-0.0913,1
0.0000,0.0000,-0.0913,1
0.0000,0.0000,-0.1081,1
0.0000,0.0000,-0.1081,1
0.0000,0.0126,-0.0745,1
0.0000,0.0126,-0.0745,1
0.0000,0.0126,-0.0913,1
0.0000,0.0126,-0.0913,1
0.0000,0.0000,-0.1081,1
0.0000,0.0000,-0.1081,1
0.0000,0.0000,-0.1081,1
0.0000,0.0000,-0.1081,1
0.0000,0.0121,-0.0913,1
0.0000,0.0121,-0.0913,1
0.0000,0.0121,-0.0745,1
0.0000,0.0121,-0.0745,1
0.0000,0.0000,-0.0913,1
0.0000,0.0000,-0.0913,1
0.0000,0.0000,-0.0913,1
0.0000,0.0000,-0.0913,1
0.0000,0.0000,-0.0913,1
0.0000,0.0000,-0.0913,1
0.0000,0.0000,-0.0745,1
0.0000,0.0000,-0.0745,1
0.0000,0.0121,-0.0745,1
0.0000,0.0121,-0.0745,1
0.0000,0.0121,-0.0913,1
0.0000,0.0121,-0.0913,1
0.0000,0.0000,-0.0913,1
0.0000,0.0000,-0.0913,1
0.0000,0.0000,-0.1081,1
0.0000,0.0000,-0.1081,1
0.0000,0.0000,-0.1081,1
0.0000,0.0000,-0.1081,1
0.0000,0.0000,-0.1081,1
0.0000,0.0000,-0.1081,1
0.0000,0.0121,-0.0913,1
0.0000,0.0121,-0.0913,1
0.0000,0.0121,-0.0913,1
0.0000,0.0121,-0.0913,1
0.0000,0.0000,-0.0745,1
0.0000,0.0000,-0.0745,1
0.0000,0.0000,-0.0745,1
0.0000,0.0000,-0.0745,1
0.0000,0.0000,-0.0913,1
0.0000,0.0000,-0.0913,1
0.0000,0.0000,-0.0745,1
0.0000,0.0000,-0.0745,1
0.0000,0.0126,-0.0913,1
0.0000,0.0126,-0.0913,1
0.0000,0.0126,-0.1081,1
0.0000,0.0126,-0.1081,1
0.0000,0.0000,-0.0913,1
0.0000,0.0000,-0.0913,1
0.0000,0.0000,-0.1081,1
0.0000,0.0000,-0.1081,1
0.0000,0.0000,-0.0913,1
0.0000,0.0000,-0.0913,1
0.0000,0.0000,-0.0913,1
0.0000,0.0000,-0.0913,1
0.0000,0.0126,-0.0913,1
0.0000,0.0126,-0.0913,1
0.0000,0.0126,-0.0745,1
0.0000,0.0126,-0.0745,1
0.0000,0.0000,-0.0745,1
0.0000,0.0000,-0.0745,1
0.0000,0.0000,-0.0578,1
0.0000,0.0000,-0.0578,1
0.0000,0.0121,-0.0745,1
0.0000,0.0121,-0.0745,1
0.0000,0.0121,-0.0913,1
0.0000,0.0121,-0.0913,1
0.0000,0.0000,-0.0913,1
0.0000,0.0000,-0.0913,1
0.0000,0.0000,-0.0745,1
0.0000,0.0000,-0.0745,1
0.0000,0.0000,-0.0913,1
0.0000,0.0000,-0.0913,1
0.0000,0.0000,-0.0745,1
0.0000,0.0000,-0.0745,1
0.0000,0.0126,-0.0745,1
0.0000,0.0126,-0.0745,1
0.0000,0.0126,-0.0745,1
0.0000,0.0126,-0.0745,1
0.0000,0.0000,-0.0745,1
0.0000,0.0000,-0.0745,1
0.0000,0.0000,-0.0745,1
0.0000,0.0000,-0.0745,1
0.0000,0.0000,-0.0745,1
0.0000,0.0000,-0.0745,1
0.0000,0.0000,-0.0745,1
0.0000,0.0000,-0.0745,1
0.0000,0.0126,-0.0745,1
0.0000,0.0126,-0.0745,1
0.0000,0.0126,-0.0745,1
0.0000,0.0126,-0.0745,1
0.0000,0.0000,-0.0913,1
0.0000,0.0000,-0.0913,1
0.0000,0.0000,-0.1081,1
0.0000,0.0000,-0.1081,1
0.0000,0.0126,-0.0745,1
0.0000,0.0126,-0.0745,1
0.0000,0.0126,-0.0745,1
0.0000,0.0126,-0.0745,1
0.0000,0.0000,-0.0745,1
0.0000,0.0000,-0.0745,1
0.0000,0.0000,-0.0745,1
0.0000,0.0000,-0.0745,1
0.0000,0.0000,-0.0913,1
0.0000,0.0000,-0.0913,1
0.0000,0.0000,-0.0745,1
0.0000,0.0000,-0.0745,1
0.0000,0.0121,-0.0745,1
0.0000,0.0121,-0.0745,1
0.0000,0.0121,-0.0913,1
0.0000,0.0121,-0.0913,1
0.0000,0.0000,-0.0913,1
0.0000,0.0000,-0.0913,1
0.0000,0.0000,-0.0913,1
0.0000,0.0000,-0.0913,1
0.0000,0.0000,-0.0745,1
0.0000,0.0000,-0.0745,1
0.0000,0.0000,-0.0913,1
0.0000,0.0000,-0.0913,1
0.0000,0.0126,-0.0578,1
0.0000,0.0126,-0.0578,1
0.0000,0.0126,-0.0745,1
0.0000,0.0126,-0.0745,1
0.0000,0.0000,-0.0578,1
0.0000,0.0000,-0.0578,1
0.0000,0.0000,-0.0578,1
0.0000,0.0000,-0.0578,1
0.0000,0.0000,-0.0578,1
0.0000,0.0000,-0.0578,1
0.0000,0.0000,-0.0745,1
0.0000,0.0000,-0.0745,1
0.0000,0.0121,-0.0745,1
0.0000,0.0121,-0.0745,1
0.0000,0.0121,-0.0745,1
0.0000,0.0121,-0.0745,1
0.0000,0.0000,-0.0578,1
0.0000,0.0000,-0.0578,1
0.0000,0.0000,-0.0745,1
0.0000,0.0000,-0.0745,1
0.0000,0.0000,-0.0578,1
0.0000,0.0000,-0.0578,1
0.0000,0.0000,-0.0578,1
0.0000,0.0000,-0.0578,1
0.0000,0.0126,-0.0578,1
0.0000,0.0126,-0.0578,1
0.0000,0.0126,-0.0913,1
0.0000,0.0126,-0.0913,1
0.0000,0.0000,-0.0578,1
0.0000,0.0000,-0.0578,1
0.0000,0.0000,-0.0578,1
0.0000,0.0000,-0.0578,1
0.0000,0.0121,-0.0578,1
0.0000,0.0121,-0.0578,1
0.0000,0.0121,-0.0913,1
0.0000,0.0121,-0.0913,1
0.0000,0.0000,-0.0578,1
0.0000,0.0000,-0.0578,1
0.0000,0.0000,-0.0745,1
0.0000,0.0000,-0.0745,1
0.0000,0.0000,-0.0745,1
0.0000,0.0000,-0.0745,1
0.0000,0.0000,-0.0745,1
0.0000,0.0000,-0.0745,1
0.0000,0.0126,-0.0745,1
0.0000,0.0126,-0.0745,1
0.0000,0.0126,-0.0578,1
0.0000,0.0126,-0.0578,1
0.0000,0.0000,-0.0578,1
0.0000,0.0000,-0.0578,1
0.0000,0.0000,-0.0410,1
0.0000,0.0000,-0.0410,1
0.0000,0.0000,-0.0578,1
0.0000,0.0000,-0.0578,1
0.0000,0.0000,-0.0745,1
0.0000,0.0000,-0.0745,1
0.0000,0.0126,-0.0578,1
0.0000,0.0126,-0.0578,1
0.0000,0.0126,-0.0745,1
0.0000,0.0126,-0.0745,1
0.0000,0.0000,-0.0745,1
0.0000,0.0000,-0.0745,1
0.0000,0.0000,-0.0745,1
0.0000,0.0000,-0.0745,1
0.0000,0.0000,-0.0578,1
0.0000,0.0000,-0.0578,1
0.0000,0.0000,-0.0745,1
0.0000,0.0000,-0.0745,1
0.0000,0.0121,-0.0578,1
0.0000,0.0121,-0.0578,1
0.0000,0.0121,-0.0578,1
0.0000,0.0121,-0.0578,1
0.0000,0.0000,-0.0578,1
0.0000,0.0000,-0.0578,1
0.0000,0.0000,-0.0578,1
0.0000,0.0000,-0.0578,1
0.0000,0.0000,-0.0578,1
0.0000,0.0000,-0.0578,1
0.0000,0.0000,-0.0578,1
0.0000,0.0000,-0.0578,1
0.0000,0.0126,-0.0410,1
0.0000,0.0126,-0.0410,1
0.0000,0.0126,-0.0410,1
0.0000,0.0126,-0.0410,1
0.0000,0.0000,-0.0578,1
0.0000,0.0000,-0.0578,1
0.0000,0.0000,-0.0578,1
0.0000,0.0000,-0.0578,1
0.0000,0.0000,-0.0410,1
0.0000,0.0000,-0.0410,1
0.0000,0.0000,-0.0410,1
0.0000,0.0000,-0.0410,1
0.0000,0.0121,-0.0578,1
0.0000,0.0121,-0.0578,1
0.0000,0.0121,-0.0745,1
0.0000,0.0121,-0.0745,1
0.0000,0.0000,-0.0578,1
0.0000,0.0000,-0.0578,1
0.0000,0.0000,-0.0578,1
0.0000,0.0000,-0.0578,1
0.0000,0.0121,-0.0745,1
0.0000,0.0121,-0.0745,1
0.0000,0.0121,-0.0578,1
0.0000,0.0121,-0.0578,1
0.0000,0.0000,-0.0578,1
0.0000,0.0000,-0.0578,1
0.0000,0.0000,-0.0745,1
0.0000,0.0000,-0.0745,1
0.0000,0.0000,-0.0578,1
0.0000,0.0000,-0.0578,1
0.0000,0.0000,-0.0745,1
0.0000,0.0000,-0.0745,1
0.0000,0.0126,-0.0578,1
0.0000,0.0126,-0.0578,1
0.0000,0.0126,-0.0578,1
0.0000,0.0126,-0.0578,1
0.0000,0.0000,-0.0578,1
0.0000,0.0000,-0.0578,1
0.0000,0.0000,-0.0578,1
0.0000,0.0000,-0.0578,1
0.0000,0.0000,-0.0745,1
0.0000,0.0000,-0.0745,1
0.0000,0.0000,-0.0745,1
0.0000,0.0000,-0.0745,1
0.0000,0.0126,-0.0745,2
0.0000,0.0126,-0.0745,2
0.0000,0.0126,0.7145,2
0.0000,0.0126,0.7145,2
0.0000,0.0000,0.3284,2
0.0000,0.0000,0.3284,2
0.0000,0.0000,0.1773,2
0.0000,0.0000,0.1773,2
0.0000,0.0131,0.0766,2
0.0000,0.0131,0.0766,2
0.0000,0.0131,-0.0074,2
0.0000,0.0131,-0.0074,2
0.0000,0.0000,-0.0242,2
0.0000,0.0000,-0.0242,2
0.0000,0.0000,-0.0578,2
0.0000,0.0000,-0.0578,2
0.0000,0.0000,-0.0745,2
0.0000,0.0000,-0.0745,2
0.0000,0.0000,-0.0745,2
0.0000,0.0000,-0.0745,2
0.0000,0.0000,-0.0913,2
0.0000,0.0000,-0.0913,2
0.0000,0.0000,-0.0745,2
0.0000,0.0000,-0.0745,2
0.0000,0.0000,-0.0913,2
0.0000,0.0000,-0.0913,2
0.0000,0.0000,-0.0745,2
0.0000,0.0000,-0.0745,2
0.0000,0.0000,-0.0745,2
0.0000,0.0000,-0.0745,2
0.0000,0.0000,-0.0913,2
0.0000,0.0000,-0.0913,2
0.0000,0.0125,-0.0913,2
0.0000,0.0125,-0.0913,2
0.0000,0.0125,-0.0913,2
0.0000,0.0125,-0.0913,2
0.0000,0.0000,-0.0913,2
0.0000,0.0000,-0.0913,2
0.0000,0.0000,-0.1081,2
0.0000,0.0000,-0.1081,2
0.0000,0.0000,-0.1081,2
0.0000,0.0000,-0.1081,2
0.0000,0.0000,-0.1249,2
0.0000,0.0000,-0.1249,2
0.0000,0.0000,-0.1081,2
0.0000,0.0000,-0.1081,2
0.0000,0.0000,-0.1081,2
0.0000,0.0000,-0.1081,2
0.0000,0.0000,-0.1081,2
0.0000,0.0000,-0.1081,2
0.0000,0.0000,-0.0913,2
0.0000,0.0000,-0.0913,2
0.0000,0.0130,-0.0745,2
0.0000,0.0130,-0.0745,2
0.0000,0.0130,-0.1081,2
0.0000,0.0130,-0.1081,2
0.0000,0.0000,-0.0745,2
0.0000,0.0000,-0.0745,2
0.0000,0.0000,-0.0913,2
0.0000,0.0000,-0.0913,2
0.0000,0.0000,-0.0913,2
0.0000,0.0000,-0.0913,2
0.0000,0.0000,-0.0913,2
0.0000,0.0000,-0.0913,2
0.0000,0.0000,-0.1081,2
0.0000,0.0000,-0.1081,2
0.0000,0.0000,-0.0913,2
0.0000,0.0000,-0.0913,2
0.0000,0.0000,-0.1081,2
0.0000,0.0000,-0.1081,2
0.0000,0.0000,-0.0745,2
0.0000,0.0000,-0.0745,2
0.0000,0.0000,-0.0745,2
0.0000,0.0000,-0.0745,2
0.0000,0.0000,-0.0745,2
0.0000,0.0000,-0.0745,2
0.0000,0.0125,-0.0913,2
0.0000,0.0125,-0.0913,2
0.0000,0.0125,-0.0745,2
0.0000,0.0125,-0.0745,2
0.0000,0.0000,-0.0913,2
0.0000,0.0000,-0.0913,2
0.0000,0.0000,-0.1081,2
0.0000,0.0000,-0.1081,2
0.0000,0.0000,-0.0913,2
0.0000,0.0000,-0.0913,2
0.0000,0.0000,-0.1081,2
0.0000,0.0000,-0.1081,2
0.0000,0.0000,-0.1081,2
0.0000,0.0000,-0.1081,2
0.0000,0.0000,-0.0745,2
0.0000,0.0000,-0.0745,2
0.0000,0.0000,-0.0745,2
0.0000,0.0000,-0.0745,2
0.0000,0.0000,-0.0745,2
0.0000,0.0000,-0.0745,2
0.0000,0.0130,-0.0745,2
0.0000,0.0130,-0.0745,2
0.0000,0.0130,-0.0745,2
0.0000,0.0130,-0.0745,2
0.0000,0.0000,-0.0745,2
0.0000,0.0000,-0.0745,2
0.0000,0.0000,-0.0745,2
0.0000,0.0000,-0.0745,2
0.0000,0.0000,-0.0913,2
0.0000,0.0000,-0.0913,2
0.0000,0.0000,-0.0913,2
0.0000,0.0000,-0.0913,2
0.0000,0.0000,-0.0745,2
0.0000,0.0000,-0.0745,2
0.0000,0.0000,-0.0913,2
0.0000,0.0000,-0.0913,2
0.0000,0.0000,-0.0913,2
0.0000,0.0000,-0.0913,2
0.0000,0.0000,-0.0913,2
0.0000,0.0000,-0.0913,2
0.0000,0.0130,-0.0913,2
0.0000,0.0130,-0.0913,2
0.0000,0.0130,-0.0913,2
0.0000,0.0130,-0.0913,2
0.0000,0.0000,-0.0913,2
0.0000,0.0000,-0.0913,2
0.0000,0.0000,-0.0745,2
0.0000,0.0000,-0.0745,2
0.0000,0.0000,-0.0913,2
0.0000,0.0000,-0.0913,2
0.0000,0.0000,-0.0745,2
0.0000,0.0000,-0.0745,2
0.0000,0.0000,-0.0745,2
0.0000,0.0000,-0.0745,2
0.0000,0.0000,-0.0745,2
0.0000,0.0000,-0.0745,2
0.0000,0.0000,-0.0745,2
0.0000,0.0000,-0.0745,2
0.0000,0.0000,-0.0578,2
0.0000,0.0000,-0.0578,2
0.0000,0.0125,-0.0745,2
0.0000,0.0125,-0.0745,2
0.0000,0.0125,-0.0745,2
0.0000,0.0125,-0.0745,2
0.0000,0.0000,-0.0745,2
0.0000,0.0000,-0.0745,2
0.0000,0.0000,-0.0578,2
0.0000,0.0000,-0.0578,2
0.0000,0.0000,-0.0913,2
0.0000,0.0000,-0.0913,2
0.0000,0.0000,-0.0913,2
0.0000,0.0000,-0.0913,2
0.0000,0.0000,-0.0745,2
0.0000,0.0000,-0.0745,2
0.0000,0.0000,-0.0745,2
0.0000,0.0000,-0.0745,2
0.0000,0.0000,-0.0745,2
0.0000,0.0000,-0.0745,2
0.0000,0.0000,-0.0913,2
0.0000,0.0000,-0.0913,2
0.0000,0.0130,-0.0913,2
0.0000,0.0130,-0.0913,2
0.0000,0.0130,-0.0913,2
0.0000,0.0130,-0.0913,2
0.0000,0.0000,-0.1081,2
0.0000,0.0000,-0.1081,2
0.0000,0.0000,-0.1081,2
0.0000,0.0000,-0.1081,2
0.0000,0.0000,-0.1081,2
0.0000,0.0000,-0.1081,2
0.0000,0.0000,-0.1081,2
0.0000,0.0000,-0.1081,2
0.0000,0.0000,-0.1081,2
0.0000,0.0000,-0.1081,2
0.0000,0.0000,-0.1081,2
0.0000,0.0000,-0.1081,2
0.0000,0.0000,-0.1081,2
0.0000,0.0000,-0.1081,2
0.0000,0.0000,-0.0913,2
0.0000,0.0000,-0.0913,2
0.0000,0.0130,-0.0913,2
0.0000,0.0130,-0.0913,2
0.0000,0.0130,-0.0913,2
0.0000,0.0130,-0.0913,2
0.0000,0.0000,-0.0745,2
0.0000,0.0000,-0.0745,2
0.0000,0.0000,-0.0745,2
0.0000,0.0000,-0.0745,2
0.0000,0.0000,-0.0913,2
0.0000,0.0000,-0.0913,2
0.0000,0.0000,-0.0745,2
0.0000,0.0000,-0.0745,2
0.0000,0.0000,-0.0913,2
0.0000,0.0000,-0.0913,2
0.0000,0.0000,-0.0913,2
0.0000,0.0000,-0.0913,2
0.0000,0.0000,-0.0913,2
0.0000,0.0000,-0.0913,2
0.0000,0.0000,-0.0745,2
0.0000,0.0000,-0.0745,2
0.0000,0.0125,-0.0745,2
0.0000,0.0125,-0.0745,2
0.0000,0.0125,-0.0913,2
0.0000,0.0125,-0.0913,2
0.0000,0.0000,-0.0745,2
0.0000,0.0000,-0.0745,2
0.0000,0.0000,-0.0913,2
0.0000,0.0000,-0.0913,2
0.0000,0.0000,-0.0913,2
0.0000,0.0000,-0.0913,2
0.0000,0.0000,-0.0745,2
0.0000,0.0000,-0.0745,2
0.0000,0.0000,-0.1081,2
0.0000,0.0000,-0.1081,2
0.0000,0.0000,-0.0745,2
0.0000,0.0000,-0.0745,2
0.0000,0.0000,-0.0913,2
0.0000,0.0000,-0.0913,2
0.0000,0.0000,-0.0913,2
0.0000,0.0000,-0.0913,2
0.0000,0.0125,-0.0745,2
0.0000,0.0125,-0.0745,2
0.0000,0.0125,-0.0745,2
0.0000,0.0125,-0.0745,2
0.0000,0.0000,-0.0745,2
0.0000,0.0000,-0.0745,2
0.0000,0.0000,-0.0745,2
0.0000,0.0000,-0.0745,2
0.0000,0.0000,-0.0745,2
0.0000,0.0000,-0.0745,2
0.0000,0.0000,-0.0745,2
0.0000,0.0000,-0.0745,2
0.0000,0.0000,-0.0913,2
0.0000,0.0000,-0.0913,2
0.0000,0.0000,-0.1081,2
0.0000,0.0000,-0.1081,2
0.0000,0.0000,-0.0913,2
0.0000,0.0000,-0.0913,2
0.0000,0.0000,-0.1081,2
0.0000,0.0000,-0.1081,2
0.0000,0.0130,-0.0913,2
0.0000,0.0130,-0.0913,2
0.0000,0.0130,-0.1081,2
0.0000,0.0130,-0.1081,2
0.0000,0.0000,-0.0913,2
0.0000,0.0000,-0.0913,2
0.0000,0.0000,-0.0913,2
0.0000,0.0000,-0.0913,2
0.0000,0.0000,-0.0913,2
0.0000,0.0000,-0.0913,2
0.0000,0.0000,-0.0745,2
0.0000,0.0000,-0.0745,2
0.0000,0.0000,-0.0745,2
0.0000,0.0000,-0.0745,2
0.0000,0.0000,-0.0913,2
0.0000,0.0000,-0.0913,2
0.0000,0.0000,-0.0913,2
0.0000,0.0000,-0.0913,2
0.0000,0.0000,-0.1081,2
0.0000,0.0000,-0.1081,2
0.0000,0.0130,-0.0913,2
0.0000,0.0130,-0.0913,2
0.0000,0.0130,-0.0913,2
0.0000,0.0130,-0.0913,2
0.0000,0.0000,-0.0913,2
0.0000,0.0000,-0.0913,2
0.0000,0.0000,-0.0913,2
0.0000,0.0000,-0.0913,2
0.0000,0.0000,-0.0745,2
0.0000,0.0000,-0.0745,2
0.0000,0.0000,-0.0745,2
0.0000,0.0000,-0.0745,2
0.0000,0.0000,-0.0745,2
0.0000,0.0000,-0.0745,2
0.0000,0.0000,-0.0913,2
0.0000,0.0000,-0.0913,2
0.0000,0.0000,-0.1081,2
0.0000,0.0000,-0.1081,2
0.0000,0.0000,-0.0913,2
0.0000,0.0000,-0.0913,2
0.0000,0.0130,-0.0913,2
0.0000,0.0130,-0.0913,2
0.0000,0.0130,-0.0745,2
0.0000,0.0130,-0.0745,2
0.0000,0.0000,-0.0578,2
0.0000,0.0000,-0.0578,2
0.0000,0.0000,-0.0745,2
0.0000,0.0000,-0.0745,2
0.0000,0.0000,-0.0913,2
0.0000,0.0000,-0.0913,2
0.0000,0.0000,-0.0745,2
0.0000,0.0000,-0.0745,2
0.0000,0.0000,-0.0745,2
0.0000,0.0000,-0.0745,2
0.0000,0.0000,-0.0745,2
0.0000,0.0000,-0.0745,2
0.0000,0.0000,-0.0913,2
0.0000,0.0000,-0.0913,2
0.0000,0.0000,-0.0913,2
0.0000,0.0000,-0.0913,2
0.0000,0.0130,-0.0913,2
0.0000,0.0130,-0.0913,2
0.0000,0.0130,-0.0913,2
0.0000,0.0130,-0.0913,2
0.0000,0.0000,-0.0745,2
0.0000,0.0000,-0.0745,2
0.0000,0.0000,-0.0745,2
0.0000,0.0000,-0.0745,2
0.0000,0.0000,-0.0745,2
0.0000,0.0000,-0.0745,2
0.0000,0.0000,-0.0578,2
0.0000,0.0000,-0.0578,2
0.0000,0.0000,-0.0745,2
0.0000,0.0000,-0.0745,2
0.0000,0.0000,-0.0745,2
0.0000,0.0000,-0.0745,2
0.0000,0.0000,-0.0745,2
0.0000,0.0000,-0.0745,2
0.0000,0.0000,-0.0745,2
0.0000,0.0000,-0.0745,2
0.0000,0.0125,-0.0745,2
0.0000,0.0125,-0.0745,2
0.0000,0.0125,-0.0913,2
0.0000,0.0125,-0.0913,2
0.0000,0.0000,-0.0913,2
0.0000,0.0000,-0.0913,2
0.0000,0.0000,-0.0745,2
0.0000,0.0000,-0.0745,2
0.0000,0.0000,-0.0745,2
0.0000,0.0000,-0.0745,2
0.0000,0.0000,-0.0745,2
0.0000,0.0000,-0.0745,2
0.0000,0.0000,-0.0913,2
0.0000,0.0000,-0.0913,2
0.0000,0.0000,-0.0745,2
0.0000,0.0000,-0.0745,2
0.0000,0.0000,-0.0913,2
0.0000,0.0000,-0.0913,2
0.0000,0.0000,-0.0745,2
0.0000,0.0000,-0.0745,2
0.0000,0.0125,-0.0745,2
0.0000,0.0125,-0.0745,2
0.0000,0.0125,-0.0745,2
0.0000,0.0125,-0.0745,2
0.0000,0.0000,-0.0745,2
0.0000,0.0000,-0.0745,2
0.0000,0.0000,-0.0913,2
0.0000,0.0000,-0.0913,2
0.0000,0.0000,-0.0745,2
0.0000,0.0000,-0.0745,2
0.0000,0.0000,-0.0745,2
0.0000,0.0000,-0.0745,2
0.0000,0.0000,-0.0745,2
0.0000,0.0000,-0.0745,2
0.0000,0.0000,-0.0578,2
0.0000,0.0000,-0.0578,2
0.0000,0.0000,-0.0745,2
0.0000,0.0000,-0.0745,2
0.0000,0.0000,-0.0745,2
0.0000,0.0000,-0.0745,2
0.0000,0.0130,-0.0745,2
0.0000,0.0130,-0.0745,2
0.0000,0.0130,-0.0745,2
0.0000,0.0130,-0.0745,2
0.0000,0.0000,-0.0745,2
0.0000,0.0000,-0.0745,2
0.0000,0.0000,-0.0913,2
0.0000,0.0000,-0.0913,2
0.0000,0.0000,-0.0913,2
0.0000,0.0000,-0.0913,2
0.0000,0.0000,-0.0745,2
0.0000,0.0000,-0.0745,2
0.0000,0.0000,-0.0745,2
0.0000,0.0000,-0.0745,2
0.0000,0.0000,-0.0913,2
0.0000,0.0000,-0.0913,2
0.0000,0.0000,-0.0745,2
0.0000,0.0000,-0.0745,2
0.0000,0.0000,-0.0745,2
0.0000,0.0000,-0.0745,2
0.0000,0.0130,-0.0913,2
0.0000,0.0130,-0.0913,2
0.0000,0.0130,-0.0913,2
0.0000,0.0130,-0.0913,2
0.0000,0.0000,-0.0745,2
0.0000,0.0000,-0.0745,2
0.0000,0.0000,-0.0745,2
0.0000,0.0000,-0.0745,2
0.0000,0.0000,-0.0913,2
0.0000,0.0000,-0.0913,2
0.0000,0.0000,-0.0745,2
0.0000,0.0000,-0.0745,2
0.0000,0.0000,-0.0913,2
0.0000,0.0000,-0.0913,2
0.0000,0.0000,-0.0745,2
0.0000,0.0000,-0.0745,2
0.0000,0.0000,-0.0745,2
0.0000,0.0000,-0.0745,2
0.0000,0.0000,-0.0913,2
0.0000,0.0000,-0.0913,2
0.0000,0.0130,-0.0913,2
0.0000,0.0130,-0.0913,2
0.0000,0.0130,-0.0913,2
0.0000,0.0130,-0.0913,2
0.0000,0.0000,-0.0913,2
0.0000,0.0000,-0.0913,2
0.0000,0.0000,-0.0913,2
0.0000,0.0000,-0.0913,2
0.0000,0.2090,-0.0913,2
0.0000,0.2090,-0.0913,2
0.0000,0.2090,-0.0913,2
0.0000,0.2090,-0.0913,2
0.0000,0.1935,-0.0913,2
0.0000,0.1935,-0.0913,2
0.0000,0.1935,-0.0745,2
0.0000,0.1935,-0.0745,2
0.0000,0.1935,-0.0913,2
0.0000,0.1935,-0.0913,2
0.0000,0.1935,-0.0745,2
0.0000,0.1935,-0.0745,2
0.0000,0.1730,-0.0578,2
0.0000,0.1730,-0.0578,2
0.0000,0.1730,-0.0745,2
0.0000,0.1730,-0.0745,2
0.0000,0.1930,-0.0745,2
0.0000,0.1930,-0.0745,2
0.0000,0.1930,-0.0913,2
0.0000,0.1930,-0.0913,2
0.0000,0.1930,-0.0913,2
0.0000,0.1930,-0.0913,2
0.0000,0.1930,-0.0913,2
0.0000,0.1930,-0.0913,2
0.0000,0.2085,-0.1081,2
0.0000,0.2085,-0.1081,2
0.0000,0.2085,-0.0913,2
0.0000,0.2085,-0.0913,2
0.0000,0.1935,-0.0913,2
0.0000,0.1935,-0.0913,2
0.0000,0.1935,-0.0913,2
0.0000,0.1935,-0.0913,2
0.0000,0.1935,-0.0913,2
0.0000,0.1935,-0.0913,2
0.0000,0.1935,-0.0745,2
0.0000,0.1935,-0.0745,2
0.0000,0.1730,-0.0745,2
0.0000,0.1730,-0.0745,2
0.0000,0.1730,-0.0913,2
0.0000,0.1730,-0.0913,2
0.0000,0.1930,-0.0913,2
0.0000,0.1930,-0.0913,2
0.0000,0.1930,-0.0745,2
0.0000,0.1930,-0.0745,2
0.0000,0.2091,-0.1081,2
0.0000,0.2091,-0.1081,2
0.0000,0.2091,-0.0913,2
0.0000,0.2091,-0.0913,2
0.0000,0.1931,-0.0913,2
0.0000,0.1931,-0.0913,2
0.0000,0.1931,-0.0913,2
0.0000,0.1931,-0.0913,2
0.0000,0.1936,-0.0913,2
0.0000,0.1936,-0.0913,2
0.0000,0.1936,-0.0913,2
0.0000,0.1936,-0.0913,2
0.0000,0.1931,-0.0913,2
0.0000,0.1931,-0.0913,2
0.0000,0.1931,-0.0913,2
0.0000,0.1931,-0.0913,2
0.0000,0.1736,-0.0745,2
0.0000,0.1736,-0.0745,2
0.0000,0.1736,-0.0913,2
0.0000,0.1736,-0.0913,2
0.0000,0.1926,-0.0745,2
0.0000,0.1926,-0.0745,2
0.0000,0.1926,-0.0913,2
0.0000,0.1926,-0.0913,2
0.0000,0.1931,-0.0913,2
0.0000,0.1931,-0.0913,2
0.0000,0.1931,-0.0745,2
0.0000,0.1931,-0.0745,2
0.0000,0.2086,-0.0745,2
0.0000,0.2086,-0.0745,2
0.0000,0.2086,-0.0745,2
0.0000,0.2086,-0.0745,2
0.0000,0.1936,-0.0913,2
0.0000,0.1936,-0.0913,2
0.0000,0.1936,-0.0745,2
0.0000,0.1936,-0.0745,2
0.0000,0.1936,-0.0913,2
0.0000,0.1936,-0.0913,2
0.0000,0.1936,-0.0913,2
0.0000,0.1936,-0.0913,2
0.0000,0.1731,-0.0913,2
0.0000,0.1731,-0.0913,2
0.0000,0.1731,-0.0745,2
0.0000,0.1731,-0.0745,2
0.0000,0.1931,-0.0745,2
0.0000,0.1931,-0.0745,2
0.0000,0.1931,-0.0913,2
0.0000,0.1931,-0.0913,2
0.0000,0.1931,-0.0913,2
0.0000,0.1931,-0.0913,2
0.0000,0.1931,-0.0745,2
0.0000,0.1931,-0.0745,2
0.0000,0.2086,-0.0913,2
0.0000,0.2086,-0.0913,2
0.0000,0.2086,-0.0745,2
0.0000,0.2086,-0.0745,2
0.0000,0.1936,-0.0913,2
0.0000,0.1936,-0.0913,2
0.0000,0.1936,-0.0745,2
0.0000,0.1936,-0.0745,2
0.0000,0.1936,-0.0913,2
0.0000,0.1936,-0.0913,2
0.0000,0.1936,-0.0913,2
0.0000,0.1936,-0.0913,2
0.0000,0.1731,-0.0913,2
0.0000,0.1731,-0.0913,2
0.0000,0.1731,-0.0745,2
0.0000,0.1731,-0.0745,2
0.0000,0.1931,-0.0913,2
0.0000,0.1931,-0.0913,2
0.0000,0.1931,-0.0913,2
0.0000,0.1931,-0.0913,2
0.0000,0.1926,-0.0745,2
0.0000,0.1926,-0.0745,2
0.0000,0.1926,-0.0745,2
0.0000,0.1926,-0.0745,2
0.0000,0.2091,-0.0913,2
0.0000,0.2091,-0.0913,2
0.0000,0.2091,-0.0913,2
0.0000,0.2091,-0.0913,2
0.0000,0.1936,-0.0913,2
0.0000,0.1936,-0.0913,2
0.0000,0.1936,-0.0913,2
0.0000,0.1936,-0.0913,2
0.0000,0.1931,-0.0913,2
0.0000,0.1931,-0.0913,2
0.0000,0.1931,-0.0913,2
0.0000,0.1931,-0.0913,2
0.0000,0.1736,-0.0913,2
0.0000,0.1736,-0.0913,2
0.0000,0.1736,-0.0745,2
0.0000,0.1736,-0.0745,2
0.0000,0.1931,-0.0745,2
0.0000,0.1931,-0.0745,2
0.0000,0.1931,-0.0745,2
0.0000,0.1931,-0.0745,2
0.0000,0.2091,-0.0745,2
0.0000,0.2091,-0.0745,2
0.0000,0.2091,-0.0745,2
0.0000,0.2091,-0.0745,2
0.0000,0.1937,-0.0913,2
0.0000,0.1937,-0.0913,2
0.0000,0.1937,-0.0745,2
0.0000,0.1937,-0.0745,2
0.0000,0.1932,-0.0913,2
0.0000,0.1932,-0.0913,2
0.0000,0.1932,-0.0745,2
0.0000,0.1932,-0.0745,2
0.0000,0.1737,-0.0913,2
0.0000,0.1737,-0.0913,2
0.0000,0.1737,-0.0913,2
0.0000,0.1737,-0.0913,2
0.0000,0.1932,-0.0745,2
0.0000,0.1932,-0.0745,2
0.0000,0.1932,-0.0745,2
0.0000,0.1932,-0.0745,2
0.0000,0.2087,-0.0745,2
0.0000,0.2087,-0.0745,2
0.0000,0.2087,-0.0913,2
0.0000,0.2087,-0.0913,2
0.0000,0.1942,-0.0913,2
0.0000,0.1942,-0.0913,2
0.0000,0.1942,-0.0913,2
0.0000,0.1942,-0.0913,2
0.0000,0.1932,-0.1081,2
0.0000,0.1932,-0.1081,2
0.0000,0.1932,-0.0913,2
0.0000,0.1932,-0.0913,2
0.0000,0.1737,-0.0913,2
0.0000,0.1737,-0.0913,2
0.0000,0.1737,-0.0913,2
0.0000,0.1737,-0.0913,2
0.0000,0.1932,-0.0745,2
0.0000,0.1932,-0.0745,2
0.0000,0.1932,-0.0745,2
0.0000,0.1932,-0.0745,2
0.0000,0.2087,-0.0913,2
0.0000,0.2087,-0.0913,2
0.0000,0.2087,-0.0913,2
0.0000,0.2087,-0.0913,2
0.0000,0.1932,-0.0913,2
0.0000,0.1932,-0.0913,2
0.0000,0.1932,-0.0913,2
0.0000,0.1932,-0.0913,2
0.0000,0.1937,-0.0913,2
0.0000,0.1937,-0.0913,2
0.0000,0.1937,-0.0913,2
0.0000,0.1937,-0.0913,2
0.0000,0.1937,-0.0745,2
0.0000,0.1937,-0.0745,2
0.0000,0.1937,-0.0745,2
0.0000,0.1937,-0.0745,2
0.0000,0.1732,-0.0745,2
0.0000,0.1732,-0.0745,2
0.0000,0.1732,-0.0745,2
0.0000,0.1732,-0.0745,2
0.0000,0.1932,-0.0745,2
0.0000,0.1932,-0.0745,2
0.0000,0.1932,-0.0913,2
0.0000,0.1932,-0.0913,2
0.0000,0.2092,-0.0745,2
0.0000,0.2092,-0.0745,2
0.0000,0.2092,-0.0913,2
0.0000,0.2092,-0.0913,2
0.0000,0.1937,-0.0913,2
0.0000,0.1937,-0.0913,2
0.0000,0.1937,-0.0913,2
0.0000,0.1937,-0.0913,2

0.0000,0.0000,-0.0242,5
0.0000,0.0471,-0.0242,5
0.0000,0.0471,-0.0410,5
0.0000,0.0471,-0.0410,5
0.0000,0.0596,-0.0410,5
0.0000,0.0596,-0.0410,5
0.0000,0.0596,-0.0578,5
0.0000,0.0596,-0.0578,5
0.0000,0.0001,-0.0745,5
0.0000,0.0001,-0.0745,5
0.0000,0.0001,-0.0745,5
0.0000,0.0001,-0.0745,5
0.0000,0.0151,-0.0745,5
0.0000,0.0151,-0.0745,5
0.0000,0.0151,-0.0578,5
0.0000,0.0151,-0.0578,5
0.0000,0.0151,-0.0578,5
0.0000,0.0151,-0.0578,5
0.0000,0.0151,-0.0578,5
0.0000,0.0151,-0.0578,5
0.0000,0.0469,-0.0745,5
0.0000,0.0469,-0.0745,5
0.0000,0.0469,-0.0745,5
0.0000,0.0469,-0.0745,5
0.0000,0.0508,-0.0745,5
0.0000,0.0508,-0.0745,5
0.0000,0.0508,-0.0913,5
0.0000,0.0508,-0.0913,5
0.0000,0.0716,-0.0745,5
0.0000,0.0716,-0.0745,5
0.0000,0.0716,-0.0745,5
0.0000,0.0716,-0.0745,5
0.0000,0.0927,-0.0745,5
0.0000,0.0927,-0.0745,5
0.0000,0.0927,-0.0578,5
0.0000,0.0927,-0.0578,5
0.0000,0.1131,-0.0745,5
0.0000,0.1131,-0.0745,5
0.0000,0.1131,-0.0578,5
0.0000,0.1131,-0.0578,5
0.0000,0.1514,-0.0410,5
0.0000,0.1514,-0.0410,5
0.0000,0.1514,-0.0745,5
0.0000,0.1514,-0.0745,5
0.0000,0.1524,-0.0745,5
0.0000,0.1524,-0.0745,5
0.0000,0.1524,-0.0745,5
0.0000,0.1524,-0.0745,5
0.0000,0.1888,-0.0745,5
0.0000,0.1888,-0.0745,5
0.0000,0.1888,-0.0745,5
0.0000,0.1888,-0.0745,5
0.0000,0.1889,-0.0745,5
0.0000,0.1889,-0.0745,5
0.0000,0.1889,-0.0913,5
0.0000,0.1889,-0.0913,5
0.0000,0.2069,-0.0745,5
0.0000,0.2069,-0.0745,5
0.0000,0.2069,-0.0745,5
0.0000,0.2069,-0.0745,5
0.0007,0.2156,-0.0745,5
0.0014,0.2156,-0.0745,5
0.0357,0.2156,-0.0578,5
0.0365,0.2156,-0.0578,5
0.0710,0.2156,-0.0410,5
0.0718,0.2156,-0.0410,5
0.0391,0.2156,-0.0578,5
0.0398,0.2156,-0.0578,5
0.0753,0.2161,-0.0410,5
0.0762,0.2161,-0.0410,5
0.0771,0.2161,-0.0410,5
0.0779,0.2161,-0.0410,5
0.0367,0.1951,-0.0410,5
0.0375,0.1951,-0.0410,5
0.0383,0.1951,-0.0410,5
0.0390,0.1951,-0.0410,5
0.0793,0.2316,-0.0578,5
0.0802,0.2316,-0.0578,5
0.1484,0.2316,-0.0242,5
0.1494,0.2316,-0.0242,5
0.0511,0.2156,-0.0578,5
0.0519,0.2156,-0.0578,5
0.0526,0.2156,-0.0578,5
0.0534,0.2156,-0.0578,5
0.0879,0.2156,-0.0410,5
0.0888,0.2156,-0.0410,5
0.0560,0.2156,-0.0578,5
0.0568,0.2156,-0.0578,5
0.0586,0.2161,-0.0578,5
0.0594,0.2161,-0.0578,5
0.0601,0.2161,-0.0578,5
0.0609,0.2161,-0.0578,5
0.0944,0.2156,-0.0410,5
0.0953,0.2156,-0.0410,5
0.0625,0.2156,-0.0578,5
0.0633,0.2156,-0.0578,5
0.0576,0.1956,-0.0410,5
0.0584,0.1956,-0.0410,5
0.0928,0.1956,-0.0242,5
0.0937,0.1956,-0.0242,5
0.1321,0.2311,-0.0410,5
0.1330,0.2311,-0.0410,5
0.1676,0.2311,-0.0242,5
0.1687,0.2311,-0.0242,5
0.1396,0.2162,-0.0242,5
0.1406,0.2162,-0.0242,5
0.1416,0.2162,-0.0242,5
0.1425,0.2162,-0.0242,5
0.1435,0.2162,-0.0242,5
0.1445,0.2162,-0.0242,5
0.1454,0.2162,-0.0242,5
0.1464,0.2162,-0.0242,5
0.1127,0.2157,-0.0410,5
0.1136,0.2157,-0.0410,5
0.1481,0.2157,-0.0242,5
0.1490,0.2157,-0.0242,5
0.1500,0.2157,-0.0242,5
0.1510,0.2157,-0.0242,5
0.1519,0.2157,-0.0242,5
0.1529,0.2157,-0.0242,5
0.1538,0.2157,-0.0242,5
0.1548,0.2157,-0.0242,5
0.1894,0.2157,-0.0074,5
0.1905,0.2157,-0.0074,5
0.1835,0.2117,-0.0074,5
0.1845,0.2117,-0.0074,5
0.1815,0.2117,0.0094,5
0.1825,0.2117,0.0094,5
0.1956,0.2157,-0.0074,5
0.1966,0.2157,-0.0074,5
0.1936,0.2157,0.0094,5
0.1947,0.2157,0.0094,5
0.1671,0.2162,-0.0242,5
0.1680,0.2162,-0.0242,5
0.2027,0.2162,-0.0074,5
0.2037,0.2162,-0.0074,5
0.0000,0.2157,0.3788,5
0.0000,0.2157,0.3788,5
0.0000,0.2157,0.2612,5
0.0000,0.2157,0.2612,5
0.0000,0.2157,0.1605,5
0.0000,0.2157,0.1605,5
0.0636,0.2157,0.0766,5
0.0643,0.2157,0.0766,5
0.1243,0.2117,0.0430,5
0.1251,0.2117,0.0430,5
0.1596,0.2117,0.0262,5
0.1605,0.2117,0.0262,5
0.2042,0.2162,0.0094,5
0.2052,0.2162,0.0094,5
0.2062,0.2162,0.0094,5
0.2073,0.2162,0.0094,5
0.2123,0.2162,-0.0074,5
0.2134,0.2162,-0.0074,5
0.2104,0.2162,0.0094,5
0.2114,0.2162,0.0094,5
0.2155,0.2157,-0.0074,5
0.2165,0.2157,-0.0074,5
0.2176,0.2157,-0.0074,5
0.2186,0.2157,-0.0074,5
0.2197,0.2157,-0.0074,5
0.2207,0.2157,-0.0074,5
0.2217,0.2157,-0.0074,5
0.2228,0.2157,-0.0074,5
0.0000,0.2117,0.3955,5
0.0000,0.2117,0.3955,5
0.0000,0.2117,0.2948,5
0.0000,0.2117,0.2948,5
0.0000,0.2157,0.1773,5
0.0000,0.2157,0.1773,5
0.0156,0.2157,0.1101,5
0.0161,0.2157,0.1101,5
0.1186,0.2162,0.0598,5
0.1194,0.2162,0.0598,5
0.2252,0.2162,-0.0074,5
0.2262,0.2162,-0.0074,5
0.2263,0.2157,-0.0074,5
0.2273,0.2157,-0.0074,5
0.2243,0.2157,0.0094,5
0.2254,0.2157,0.0094,5
0.1968,0.2157,-0.0242,5
0.1977,0.2157,-0.0242,5
0.2324,0.2157,-0.0074,5
0.2334,0.2157,-0.0074,5
0.2008,0.2157,-0.0242,5
0.2017,0.2157,-0.0242,5
0.2364,0.2157,-0.0074,5
0.2374,0.2157,-0.0074,5
0.2264,0.2117,0.0094,5
0.2274,0.2117,0.0094,5
0.2325,0.2117,-0.0074,5
0.2335,0.2117,-0.0074,5
0.2435,0.2162,-0.0074,5
0.2446,0.2162,-0.0074,5
0.2456,0.2162,-0.0074,5
0.2467,0.2162,-0.0074,5
0.0000,0.2162,0.3788,5
0.0000,0.2162,0.3788,5
0.0000,0.2162,0.2948,5
0.0000,0.2162,0.2948,5
0.0000,0.2157,0.1605,5
0.0000,0.2157,0.1605,5
0.0725,0.2157,0.0933,5
0.0731,0.2157,0.0933,5
0.2084,0.2158,0.0262,5
0.2094,0.2158,0.0262,5
0.2480,0.2158,-0.0074,5
0.2490,0.2158,-0.0074,5
0.2164,0.2158,-0.0242,5
0.2174,0.2158,-0.0242,5
0.2480,0.2158,0.0094,0
0.2490,0.2158,0.0094,0
0.0000,0.2138,-0.7125,0
0.0000,0.2138,-0.7125,0
0.0000,0.2138,-0.4775,0
0.0000,0.2138,-0.4775,0
0.0000,0.2133,-0.3432,0
0.0000,0.2133,-0.3432,0
0.0000,0.2133,-0.2256,0
0.0000,0.2133,-0.2256,0
0.0000,0.2173,-0.1753,0
0.0000,0.2173,-0.1753,0
0.0000,0.2173,-0.1417,0
0.0000,0.2173,-0.1417,0
0.0106,0.2133,-0.1249,0
0.0110,0.2133,-0.1249,0
0.0451,0.2133,-0.1081,0
0.0456,0.2133,-0.1081,0
0.0879,0.2173,-0.0913,0
0.0885,0.2173,-0.0913,0
0.1228,0.2173,-0.0745,0
0.1235,0.2173,-0.0745,0
0.1152,0.2128,-0.0745,0
0.1159,0.2128,-0.0745,0
0.1166,0.2128,-0.0745,0
0.1173,0.2128,-0.0745,0
0.1606,0.2173,-0.0578,0
0.1614,0.2173,-0.0578,0
0.1622,0.2173,-0.0578,0
0.1630,0.2173,-0.0578,0
0.1558,0.2133,-0.0578,0
0.1566,0.2133,-0.0578,0
0.1910,0.2133,-0.0410,0
0.1919,0.2133,-0.0410,0
0.1661,0.2168,-0.0578,0
0.1669,0.2168,-0.0578,0
0.1677,0.2168,-0.0578,0
0.1685,0.2168,-0.0578,0
0.1970,0.2138,-0.0410,0
0.1978,0.2138,-0.0410,0
0.1987,0.2138,-0.0410,0
0.1996,0.2138,-0.0410,0
0.2074,0.2173,-0.0410,0
0.2083,0.2173,-0.0410,0
0.2092,0.2173,-0.0410,0
0.2101,0.2173,-0.0410,0
0.2366,0.2133,-0.0242,0
0.2376,0.2133,-0.0242,0
0.2385,0.2133,-0.0242,0
0.2395,0.2133,-0.0242,0
0.2148,0.2173,-0.0410,0
0.2157,0.2173,-0.0410,0
0.2502,0.2173,-0.0242,0
0.2512,0.2173,-0.0242,0
0.2115,0.2138,-0.0410,0
0.2123,0.2138,-0.0410,0
0.2132,0.2138,-0.0410,0
0.2140,0.2138,-0.0410,0
0.2556,0.2173,-0.0242,0
0.2566,0.2173,-0.0242,0
0.2575,0.2173,-0.0242,0
0.2585,0.2173,-0.0242,0
0.2861,0.2138,-0.0074,0
0.2871,0.2138,-0.0074,0
0.2882,0.2138,-0.0074,0
0.2892,0.2138,-0.0074,0
0.2892,0.2133,-0.0074,0
0.2903,0.2133,-0.0074,0
0.2913,0.2133,-0.0074,0
0.2923,0.2133,-0.0074,0
0.3014,0.2173,-0.0074,0
0.3024,0.2173,-0.0074,0
0.0000,0.2173,0.3955,0
0.0000,0.2173,0.3955,0
0.0000,0.2133,0.2612,0
0.0000,0.2133,0.2612,0
0.0199,0.2133,0.1437,0
0.0202,0.2133,0.1437,0
0.1296,0.2173,0.0933,0
0.1302,0.2173,0.0933,0
0.1982,0.2173,0.0598,0
0.1990,0.2173,0.0598,0
0.2244,0.2128,0.0430,0
0.2252,0.2128,0.0430,0
0.2934,0.2128,0.0094,0
0.2944,0.2128,0.0094,0
0.3085,0.2173,-0.0074,0
0.3096,0.2173,-0.0074,0
0.3106,0.2173,-0.0074,0
0.3117,0.2173,-0.0074,0
0.3007,0.2133,0.0094,1
0.3017,0.2133,0.0094,1
0.2057,0.2133,-0.0578,1
0.2065,0.2133,-0.0578,1
0.0000,0.0128,-0.0410,1
0.0000,0.0128,-0.0410,1
0.0000,0.0128,-0.0242,1
0.0000,0.0128,-0.0242,1
0.0000,0.0188,-0.0242,1
0.0000,0.0188,-0.0242,1
0.0000,0.0188,-0.0410,1
0.0000,0.0188,-0.0410,1
0.0000,0.0148,-0.0242,1
0.0000,0.0148,-0.0242,1
0.0000,0.0148,-0.0578,1
0.0000,0.0148,-0.0578,1
0.0000,0.0153,-0.0578,1
0.0000,0.0153,-0.0578,1
0.0000,0.0153,-0.0410,1
0.0000,0.0153,-0.0410,1
0.0000,0.0188,-0.0578,1
0.0000,0.0188,-0.0578,1
0.0000,0.0188,-0.0745,1
0.0000,0.0188,-0.0745,1
0.0000,0.0153,-0.0745,1
0.0000,0.0153,-0.0745,1
0.0000,0.0153,-0.0745,1
0.0000,0.0153,-0.0745,1
0.0000,0.0193,-0.1081,1
0.0000,0.0193,-0.1081,1
0.0000,0.0193,-0.0913,1
0.0000,0.0193,-0.0913,1
0.0000,0.0148,-0.0913,1
0.0000,0.0148,-0.0913,1
0.0000,0.0148,-0.0913,1
0.0000,0.0148,-0.0913,1
0.0000,0.0148,-0.0913,1
0.0000,0.0148,-0.0913,1
0.0000,0.0148,-0.0745,1
0.0000,0.0148,-0.0745,1
0.0000,0.0193,-0.0745,1
0.0000,0.0193,-0.0745,1
0.0000,0.0193,-0.0578,1
0.0000,0.0193,-0.0578,1
0.0000,0.0148,-0.0745,1
0.0000,0.0148,-0.0745,1
0.0000,0.0148,-0.0913,1
0.0000,0.0148,-0.0913,1
0.0000,0.0148,-0.0913,1
0.0000,0.0148,-0.0913,1
0.0000,0.0148,-0.0913,1
0.0000,0.0148,-0.0913,1
0.0000,0.0188,-0.0913,1
0.0000,0.0188,-0.0913,1
0.0000,0.0188,-0.0745,1
0.0000,0.0188,-0.0745,1
0.0000,0.0153,-0.0745,1
0.0000,0.0153,-0.0745,1
0.0000,0.0153,-0.0745,1
0.0000,0.0153,-0.0745,1
0.0000,0.0148,-0.0745,1
0.0000,0.0148,-0.0745,1
0.0000,0.0148,-0.0745,1
0.0000,0.0148,-0.0745,1
0.0000,0.0188,-0.0745,1
0.0000,0.0188,-0.0745,1
0.0000,0.0188,-0.0913,1
0.0000,0.0188,-0.0913,1
0.0000,0.0153,-0.0745,1
0.0000,0.0153,-0.0745,1
0.0000,0.0153,-0.0913,1
0.0000,0.0153,-0.0913,1
0.0000,0.0153,-0.0913,1
0.0000,0.0153,-0.0913,1
0.0000,0.0153,-0.0913,1
0.0000,0.0153,-0.0913,1
0.0000,0.0188,-0.0913,1
0.0000,0.0188,-0.0913,1
0.0000,0.0188,-0.0913,1
0.0000,0.0188,-0.0913,1
0.0000,0.0153,-0.0913,1
0.0000,0.0153,-0.0913,1
0.0000,0.0153,-0.0913,1
0.0000,0.0153,-0.0913,1
0.0000,0.0153,-0.0913,2
0.0000,0.0153,-0.0913,2
0.0000,0.0153,-0.1417,2
0.0000,0.0153,-0.1417,2
0.0000,0.0178,0.5131,2
0.0000,0.0178,0.5131,2
0.0000,0.0178,0.1941,2
0.0000,0.0178,0.1941,2
0.0000,0.0153,-0.0074,2
0.0000,0.0153,-0.0074,2
0.0000,0.0153,-0.1417,2
0.0000,0.0153,-0.1417,2
0.0000,0.0158,-0.2256,2
0.0000,0.0158,-0.2256,2
0.0000,0.0158,-0.2760,2
0.0000,0.0158,-0.2760,2
0.0000,0.0157,-0.3264,2
0.0000,0.0157,-0.3264,2
0.0000,0.0157,-0.3432,2
0.0000,0.0157,-0.3432,2
0.0000,0.0197,-0.3432,2
0.0000,0.0197,-0.3432,2
0.0000,0.0197,-0.3600,2
0.0000,0.0197,-0.3600,2
0.0000,0.0152,-0.4103,2
0.0000,0.0152,-0.4103,2
0.0000,0.0152,-0.4271,2
0.0000,0.0152,-0.4271,2
0.0000,0.0157,-0.4103,2
0.0000,0.0157,-0.4103,2
0.0000,0.0157,-0.4103,2
0.0000,0.0157,-0.4103,2
0.0000,0.0157,-0.3935,2
0.0000,0.0157,-0.3935,2
0.0000,0.0157,-0.3935,2
0.0000,0.0157,-0.3935,2
0.0000,0.0157,-0.3935,2
0.0000,0.0157,-0.3935,2
0.0000,0.0157,-0.3767,2
0.0000,0.0157,-0.3767,2
0.0000,0.0157,-0.4103,2
0.0000,0.0157,-0.4103,2
0.0000,0.0157,-0.4103,2
0.0000,0.0157,-0.4103,2
0.0000,0.0192,-0.4103,2
0.0000,0.0192,-0.4103,2
0.0000,0.0192,-0.4103,2
0.0000,0.0192,-0.4103,2
0.0000,0.0157,-0.4103,2
0.0000,0.0157,-0.4103,2
0.0000,0.0157,-0.4103,2
0.0000,0.0157,-0.4103,2
0.0000,0.0152,-0.4103,2
0.0000,0.0152,-0.4103,2
0.0000,0.0152,-0.4103,2
0.0000,0.0152,-0.4103,2
0.0000,0.0157,-0.4103,2
0.0000,0.0157,-0.4103,2
0.0000,0.0157,-0.3935,2
0.0000,0.0157,-0.3935,2
0.0000,0.0192,-0.3935,2
0.0000,0.0192,-0.3935,2
0.0000,0.0192,-0.3935,2
0.0000,0.0192,-0.3935,2
0.0000,0.0152,-0.3935,2
0.0000,0.0152,-0.3935,2
0.0000,0.0152,-0.3767,2
0.0000,0.0152,-0.3767,2
0.0000,0.0162,-0.3935,2
0.0000,0.0162,-0.3935,2
0.0000,0.0162,-0.3264,2
0.0000,0.0162,-0.3264,2
0.0000,0.0152,-0.2760,2
0.0000,0.0152,-0.2760,2
0.0000,0.0152,-0.2424,2
0.0000,0.0152,-0.2424,2
0.0000,0.0152,-0.2089,2
0.0000,0.0152,-0.2089,2
0.0000,0.0152,-0.2089,2
0.0000,0.0152,-0.2089,2
0.0000,0.0192,-0.1753,2
0.0000,0.0192,-0.1753,2
0.0000,0.0192,-0.1921,2
0.0000,0.0192,-0.1921,2
0.0000,0.0157,-0.1753,2
0.0000,0.0157,-0.1753,2
0.0000,0.0157,-0.1753,2
0.0000,0.0157,-0.1753,2
0.0000,0.0152,-0.1921,2
0.0000,0.0152,-0.1921,2
0.0000,0.0152,-0.1753,2
0.0000,0.0152,-0.1753,2
0.0000,0.0162,-0.1585,2
0.0000,0.0162,-0.1585,2
0.0000,0.0162,-0.1753,2
0.0000,0.0162,-0.1753,2
0.0000,0.0157,-0.1585,2
0.0000,0.0157,-0.1585,2
0.0000,0.0157,-0.1585,2
0.0000,0.0157,-0.1585,2
0.0000,0.0192,-0.1585,2
0.0000,0.0192,-0.1585,2
0.0000,0.0192,-0.1417,2
0.0000,0.0192,-0.1417,2
0.0000,0.0152,-0.1417,2
0.0000,0.0152,-0.1417,2
0.0000,0.0152,-0.1585,2
0.0000,0.0152,-0.1585,2
0.0000,0.0157,-0.1585,2
0.0000,0.0157,-0.1585,2
0.0000,0.0157,-0.1417,2
0.0000,0.0157,-0.1417,2
0.0000,0.0162,-0.1417,2
0.0000,0.0162,-0.1417,2
0.0000,0.0162,-0.1249,2
0.0000,0.0162,-0.1249,2
0.0000,0.0156,-0.1249,2
0.0000,0.0156,-0.1249,2
0.0000,0.0156,-0.1417,2
0.0000,0.0156,-0.1417,2
0.0000,0.0156,-0.1417,2
0.0000,0.0156,-0.1417,2
0.0000,0.0156,-0.1249,2
0.0000,0.0156,-0.1249,2
0.0000,0.0191,-0.1417,2
0.0000,0.0191,-0.1417,2
0.0000,0.0191,-0.1249,2
0.0000,0.0191,-0.1249,2
0.0000,0.0156,-0.1417,2
0.0000,0.0156,-0.1417,2
0.0000,0.0156,-0.1249,2
0.0000,0.0156,-0.1249,2
0.0000,0.0151,-0.1417,2
0.0000,0.0151,-0.1417,2
0.0000,0.0151,-0.1417,2
0.0000,0.0151,-0.1417,2
0.0000,0.0156,-0.1417,2
0.0000,0.0156,-0.1417,2
0.0000,0.0156,-0.1417,2
0.0000,0.0156,-0.1417,2
0.0000,0.0156,-0.1249,2
0.0000,0.0156,-0.1249,2
0.0000,0.0156,-0.1081,2
0.0000,0.0156,-0.1081,2
0.0000,0.0156,-0.1081,2
0.0000,0.0156,-0.1081,2
0.0000,0.0156,-0.1081,2
0.0000,0.0156,-0.1081,2
0.0000,0.0191,-0.1081,2
0.0000,0.0191,-0.1081,2
0.0000,0.0191,-0.1081,2
0.0000,0.0191,-0.1081,2
0.0000,0.0156,-0.1081,2
0.0000,0.0156,-0.1081,2
0.0000,0.0156,-0.1249,2
0.0000,0.0156,-0.1249,2
0.0000,0.0156,-0.1417,2
0.0000,0.0156,-0.1417,2
0.0000,0.0156,-0.1249,2
0.0000,0.0156,-0.1249,2
0.0000,0.0161,-0.1249,2
0.0000,0.0161,-0.1249,2
0.0000,0.0161,-0.1249,2
0.0000,0.0161,-0.1249,2
0.0000,0.0156,-0.1249,2
0.0000,0.0156,-0.1249,2
0.0000,0.0156,-0.1081,2
0.0000,0.0156,-0.1081,2
0.0000,0.0151,-0.1249,2
0.0000,0.0151,-0.1249,2
0.0000,0.0151,-0.1081,2
0.0000,0.0151,-0.1081,2
0.0000,0.0196,-0.1081,2
0.0000,0.0196,-0.1081,2
0.0000,0.0196,-0.1417,2
0.0000,0.0196,-0.1417,2
0.0000,0.0151,-0.1249,2
0.0000,0.0151,-0.1249,2
0.0000,0.0151,-0.1249,2
0.0000,0.0151,-0.1249,2
0.0000,0.0156,-0.1249,2
0.0000,0.0156,-0.1249,2
0.0000,0.0156,-0.1081,2
0.0000,0.0156,-0.1081,2
0.0000,0.0161,-0.1249,2
0.0000,0.0161,-0.1249,2
0.0000,0.0161,-0.1081,2
0.0000,0.0161,-0.1081,2
0.0000,0.0156,-0.0913,2
0.0000,0.0156,-0.0913,2
0.0000,0.0156,-0.0913,2
0.0000,0.0156,-0.0913,2
0.0000,0.0156,-0.0913,2
0.0000,0.0156,-0.0913,2
0.0000,0.0156,-0.1081,2
0.0000,0.0156,-0.1081,2
0.0000,0.0151,-0.1417,2
0.0000,0.0151,-0.1417,2
0.0000,0.0151,-0.1081,2
0.0000,0.0151,-0.1081,2
0.0000,0.0196,-0.1249,2
0.0000,0.0196,-0.1249,2
0.0000,0.0196,-0.1249,2
0.0000,0.0196,-0.1249,2
0.0000,0.0151,-0.1081,2
0.0000,0.0151,-0.1081,2
0.0000,0.0151,-0.1081,2
0.0000,0.0151,-0.1081,2
0.0000,0.0161,-0.0913,2
0.0000,0.0161,-0.0913,2
0.0000,0.0161,-0.0913,2
0.0000,0.0161,-0.0913,2
0.0000,0.0151,-0.1081,2
0.0000,0.0151,-0.1081,2
0.0000,0.0151,-0.0913,2
0.0000,0.0151,-0.0913,2
0.0000,0.0151,-0.1081,2
0.0000,0.0151,-0.1081,2
0.0000,0.0151,-0.1081,2
0.0000,0.0151,-0.1081,2
0.0000,0.0195,-0.0913,2
0.0000,0.0195,-0.0913,2
0.0000,0.0195,-0.1081,2
0.0000,0.0195,-0.1081,2
0.0000,0.0150,-0.0745,2
0.0000,0.0150,-0.0745,2
0.0000,0.0150,-0.0913,2
0.0000,0.0150,-0.0913,2
0.0000,0.0160,-0.0913,2
0.0000,0.0160,-0.0913,2
0.0000,0.0160,-0.0913,2
0.0000,0.0160,-0.0913,2
0.0000,0.0160,-0.1081,2
0.0000,0.0160,-0.1081,2
0.0000,0.0160,-0.0745,2
0.0000,0.0160,-0.0745,2
0.0000,0.0155,-0.1081,2
0.0000,0.0155,-0.1081,2
0.0000,0.0155,-0.1081,2
0.0000,0.0155,-0.1081,2
0.0000,0.0155,-0.0913,2
0.0000,0.0155,-0.0913,2
0.0000,0.0155,-0.0913,2
0.0000,0.0155,-0.0913,2
0.0000,0.0190,-0.0913,2
0.0000,0.0190,-0.0913,2
0.0000,0.0190,-0.1081,2
0.0000,0.0190,-0.1081,2
0.0000,0.0155,-0.1081,2
0.0000,0.0155,-0.1081,2
0.0000,0.0155,-0.0913,2
0.0000,0.0155,-0.0913,2
0.0000,0.0155,-0.0745,2
0.0000,0.0155,-0.0745,2
0.0000,0.0155,-0.0913,2
0.0000,0.0155,-0.0913,2
0.0000,0.0155,-0.0745,2
0.0000,0.0155,-0.0745,2
0.0000,0.0155,-0.0913,2
0.0000,0.0155,-0.0913,2
0.0000,0.0155,-0.0913,2
0.0000,0.0155,-0.0913,2
0.0000,0.0155,-0.1081,2
0.0000,0.0155,-0.1081,2
0.0000,0.0155,-0.1081,2
0.0000,0.0155,-0.1081,2
0.0000,0.0155,-0.1249,2
0.0000,0.0155,-0.1249,2
0.0000,0.0150,-0.0913,2
0.0000,0.0150,-0.0913,2
0.0000,0.0150,-0.0745,2
0.0000,0.0150,-0.0745,2
0.0000,0.0195,-0.0913,2
0.0000,0.0195,-0.0913,2
0.0000,0.0195,-0.0913,2
0.0000,0.0195,-0.0913,2
0.0000,0.0523,-0.1081,2
0.0000,0.0523,-0.1081,2
0.0000,0.0523,-0.0913,2
0.0000,0.0523,-0.0913,2
0.0000,0.0744,-0.1081,2
0.0000,0.0744,-0.1081,2
0.0000,0.0744,-0.0913,2
0.0000,0.0744,-0.0913,2
0.0000,0.0809,-0.0913,2
0.0000,0.0809,-0.0913,2
0.0000,0.0809,-0.0913,2
0.0000,0.0809,-0.0913,2
0.0000,0.1201,-0.0913,2
0.0000,0.1201,-0.0913,2
0.0000,0.1201,-0.0745,2
0.0000,0.1201,-0.0745,2
0.0000,0.1180,-0.0913,2
0.0000,0.1180,-0.0913,2
0.0000,0.1180,-0.0745,2
0.0000,0.1180,-0.0745,2
0.0000,0.1379,-0.0745,2
0.0000,0.1379,-0.0745,2
0.0000,0.1379,-0.0745,2
0.0000,0.1379,-0.0745,2
0.0000,0.1784,-0.0913,2
0.0000,0.1784,-0.0913,2
0.0000,0.1784,-0.0913,2
0.0000,0.1784,-0.0913,2
0.0000,0.1788,-0.0913,2
0.0000,0.1788,-0.0913,2
0.0000,0.1788,-0.0745,2
0.0000,0.1788,-0.0745,2
0.0000,0.1969,-0.0913,2
0.0000,0.1969,-0.0913,2
0.0000,0.1969,-0.0913,2
0.0000,0.1969,-0.0913,2
0.0000,0.2120,-0.0913,2
0.0000,0.2120,-0.0913,2
0.0000,0.2120,-0.0745,2
0.0000,0.2120,-0.0745,2
0.0000,0.2155,-0.0745,2
0.0000,0.2155,-0.0745,2
0.0000,0.2155,-0.0745,2
0.0000,0.2155,-0.0745,2
0.0000,0.2160,-0.0745,2
0.0000,0.2160,-0.0745,2
0.0000,0.2160,-0.0745,2
0.0000,0.2160,-0.0745,2
0.0000,0.2155,-0.0745,2
0.0000,0.2155,-0.0745,2
0.0000,0.2155,-0.0745,2
0.0000,0.2155,-0.0745,2
0.0000,0.2155,-0.0745,2
0.0000,0.2155,-0.0745,2
0.0000,0.2155,-0.0745,2
0.0000,0.2155,-0.0745,2
0.0000,0.2120,-0.0745,2
0.0000,0.2120,-0.0745,2
0.0000,0.2120,-0.0578,2
0.0000,0.2120,-0.0578,2
0.0000,0.2155,-0.0745,2
0.0000,0.2155,-0.0745,2
0.0000,0.2155,-0.0745,2
0.0000,0.2155,-0.0745,2
0.0000,0.2160,-0.0745,2
0.0000,0.2160,-0.0745,2
0.0000,0.2160,-0.0913,2
0.0000,0.2160,-0.0913,2
0.0000,0.2150,-0.0745,2
0.0000,0.2150,-0.0745,2
0.0000,0.2150,-0.0913,2
0.0000,0.2150,-0.0913,2
0.0000,0.2155,-0.0913,2
0.0000,0.2155,-0.0913,2
0.0000,0.2155,-0.1081,2
0.0000,0.2155,-0.1081,2
0.0000,0.2165,-0.0913,2
0.0000,0.2165,-0.0913,2
0.0000,0.2165,-0.0745,2
0.0000,0.2165,-0.0745,2
0.0000,0.2115,-0.0745,2
0.0000,0.2115,-0.0745,2
0.0019,0.2115,-0.0578,2
0.0027,0.2115,-0.0578,2
0.0000,0.2156,-0.0745,2
0.0000,0.2156,-0.0745,2
0.0000,0.2156,-0.0913,2
0.0000,0.2156,-0.0913,2
0.0000,0.2156,-0.0745,2
0.0000,0.2156,-0.0745,2
0.0000,0.2156,-0.0913,2
0.0000,0.2156,-0.0913,2
0.0000,0.2156,-0.1081,2
0.0000,0.2156,-0.1081,2
0.0000,0.2156,-0.0913,2
0.0000,0.2156,-0.0913,2
0.0000,0.2161,-0.1081,2
0.0000,0.2161,-0.1081,2
0.0000,0.2161,-0.0913,2
0.0000,0.2161,-0.0913,2
0.0000,0.2121,-0.0745,2
0.0000,0.2121,-0.0745,2
0.0000,0.2121,-0.0745,2
0.0000,0.2121,-0.0745,2
0.0000,0.2156,-0.0745,2
0.0000,0.2156,-0.0745,2
0.0000,0.2156,-0.0745,2
0.0000,0.2156,-0.0745,2
0.0000,0.2156,-0.0913,2
0.0000,0.2156,-0.0913,2
0.0000,0.2156,-0.0913,2
0.0000,0.2156,-0.0913,2
0.0000,0.2151,-0.1081,2
0.0000,0.2151,-0.1081,2
0.0000,0.2151,-0.0913,2
0.0000,0.2151,-0.0913,2
0.0000,0.2151,-0.0913,2
0.0000,0.2151,-0.0913,2
0.0000,0.2151,-0.0913,2
0.0000,0.2151,-0.0913,2
0.0000,0.2161,-0.0913,2
0.0000,0.2161,-0.0913,2
0.0029,0.2161,-0.0745,2
0.0036,0.2161,-0.0745,2
0.0000,0.2161,-0.0913,2
0.0000,0.2161,-0.0913,2
0.0000,0.2161,-0.0913,2
0.0000,0.2161,-0.0913,2
0.0000,0.2116,-0.0745,2
0.0000,0.2116,-0.0745,2
0.0000,0.2116,-0.0913,2
0.0000,0.2116,-0.0913,2
0.0000,0.2156,-0.0913,2
0.0000,0.2156,-0.0913,2
0.0000,0.2156,-0.0913,2
0.0000,0.2156,-0.0913,2
0.0000,0.2156,-0.0913,2
0.0000,0.2156,-0.0913,2
0.0000,0.2156,-0.0913,2
0.0000,0.2156,-0.0913,2
0.0124,0.2151,-0.0745,2
0.0131,0.2151,-0.0745,2
0.0138,0.2151,-0.0745,2
0.0145,0.2151,-0.0745,2
0.0172,0.2161,-0.0745,2
0.0179,0.2161,-0.0745,2
0.0523,0.2161,-0.0578,2
0.0531,0.2161,-0.0578,2
0.0192,0.2156,-0.0745,2
0.0199,0.2156,-0.0745,2
0.0543,0.2156,-0.0578,2
0.0551,0.2156,-0.0578,2
0.0489,0.2121,-0.0578,2
0.0496,0.2121,-0.0578,2
0.0841,0.2121,-0.0410,2
0.0849,0.2121,-0.0410,2
0.0592,0.2156,-0.0578,2
0.0599,0.2156,-0.0578,2
0.0944,0.2156,-0.0410,2
0.0953,0.2156,-0.0410,2
0.1635,0.2156,-0.0074,2
0.1645,0.2156,-0.0074,2
0.1656,0.2156,-0.0074,2
0.1666,0.2156,-0.0074,2
0.1677,0.2156,-0.0074,2
0.1687,0.2156,-0.0074,2
0.0000,0.2156,0.3955,2
0.0000,0.2156,0.3955,2
0.0000,0.2161,0.6474,2
0.0000,0.2161,0.6474,2
0.0000,0.2161,0.4291,2
0.0000,0.2161,0.4291,2
0.0000,0.2121,0.2780,2
0.0000,0.2121,0.2780,2
0.0000,0.2121,0.1941,2
0.0000,0.2121,0.1941,2
0.0000,0.2156,0.1101,2
0.0000,0.2156,0.1101,2
0.0277,0.2156,0.0766,2
0.0284,0.2156,0.0766,2
0.1301,0.2156,0.0262,2
0.1311,0.2156,0.0262,2
0.1320,0.2156,0.0262,2
0.1330,0.2156,0.0262,2
0.1666,0.2151,0.0094,2
0.1676,0.2151,0.0094,2
0.1686,0.2151,0.0094,2
0.1697,0.2151,0.0094,2
0.0000,0.2162,0.4123,2
0.0000,0.2162,0.4123,2
0.0000,0.2162,0.6810,2
0.0000,0.2162,0.6810,2
0.0000,0.2162,0.4459,2
0.0000,0.2162,0.4459,2
0.0000,0.2162,0.2948,2
0.0000,0.2162,0.2948,2
0.0000,0.2117,0.1941,2
0.0000,0.2117,0.1941,2
0.0000,0.2117,0.1101,2
0.0000,0.2117,0.1101,2
0.0669,0.2157,0.0598,2
0.0677,0.2157,0.0598,2
0.1358,0.2157,0.0262,2
0.1367,0.2157,0.0262,2
0.1713,0.2157,0.0094,2
0.1724,0.2157,0.0094,2
0.1734,0.2157,0.0094,2
0.1744,0.2157,0.0094,2
0.0000,0.2162,0.4291,2
0.0000,0.2162,0.4291,2
0.0000,0.2162,0.2780,2
0.0000,0.2162,0.2780,3
0.0000,0.2162,0.1605,3
0.0000,0.2177,0.1605,3
0.0000,0.2177,1.3021,3
0.0000,0.2177,1.3021,3
0.0000,0.2132,0.7985,3
0.0000,0.2132,0.7985,3
0.0000,0.2132,0.4963,3
0.0000,0.2132,0.4963,3
0.0000,0.2137,0.3116,3
0.0000,0.2137,0.3116,3
0.0000,0.2137,0.1605,3
0.0000,0.2137,0.1605,3
0.0000,0.2132,0.0933,3
0.0000,0.2132,0.0933,3
0.0652,0.2132,0.0598,3
0.0660,0.2132,0.0598,3
0.1421,0.2172,0.0262,3
0.1431,0.2172,0.0262,3
0.1817,0.2172,-0.0074,3
0.1828,0.2172,-0.0074,3
0.1758,0.2132,-0.0074,3
0.1768,0.2132,-0.0074,3
0.1442,0.2132,-0.0242,3
0.1451,0.2132,-0.0242,3
0.1888,0.2177,-0.0074,3
0.1898,0.2177,-0.0074,3
0.0000,0.2177,0.3788,3
0.0000,0.2177,0.3788,3
0.0000,0.2132,0.2444,3
0.0000,0.2132,0.2444,3
0.0000,0.2132,0.1605,3
0.0000,0.2132,0.1605,3
0.0162,0.2172,0.0933,3
0.0168,0.2172,0.0933,3
0.0847,0.2172,0.0598,3
0.0855,0.2172,0.0598,3
0.0783,0.2132,0.0598,3
0.0791,0.2132,0.0598,3
0.1471,0.2132,0.0262,3
0.1481,0.2132,0.0262,3
0.1490,0.2132,0.0262,3
0.1590,0.2177,0.0262,3
0.0000,0.2177,0.4123,3
0.0000,0.2177,0.4123,3
0.0000,0.2132,0.2780,3
0.0000,0.2132,0.2780,3
0.0000,0.2132,0.1773,3
0.0000,0.2132,0.1773,3
0.0000,0.2137,0.1101,3
0.0000,0.2137,0.1101,3
0.0497,0.2137,0.0766,3
0.0504,0.2137,0.0766,3
0.0918,0.2172,0.0598,3
0.0926,0.2172,0.0598,3
0.1607,0.2172,0.0262,3
0.1617,0.2172,0.0262,3
0.1883,0.2132,0.0094,3
0.1893,0.2132,0.0094,3
0.1903,0.2132,0.0094,3
0.1913,0.2132,0.0094,3
0.0000,0.2167,0.4291,3
0.0000,0.2167,0.4291,3
0.0000,0.2167,0.6810,3
0.0000,0.2167,0.6810,3
0.0000,0.2137,0.4627,3
0.0000,0.2137,0.4627,3
0.0000,0.2137,0.2948,3
0.0000,0.2137,0.2948,3
0.0000,0.2167,0.1773,3
0.0000,0.2167,0.1773,3
0.0000,0.2167,0.1269,3
0.0000,0.2167,0.1269,3
0.0536,0.2132,0.0766,3
0.0543,0.2132,0.0766,3
0.1560,0.2132,0.0262,3
0.1569,0.2132,0.0262,3
0.1995,0.2173,0.0094,3
0.2005,0.2173,0.0094,3
0.2016,0.2173,0.0094,3
0.2026,0.2173,0.0094,3
0.0000,0.2133,0.4123,3
0.0000,0.2133,0.4123,3
0.0000,0.2133,0.2444,3
0.0000,0.2133,0.2444,3
0.0000,0.2168,0.1773,3
0.0000,0.2168,0.1773,3
0.0325,0.2168,0.0933,3
0.0331,0.2168,0.0933,3
0.0940,0.2133,0.0598,3
0.0948,0.2133,0.0598,3
0.1629,0.2133,0.0262,3
0.1638,0.2133,0.0262,3
0.2064,0.2173,0.0094,3
0.2075,0.2173,0.0094,3
0.1749,0.2173,0.0262,3
0.1758,0.2173,0.0262,3
0.0000,0.2133,0.4123,3
0.0000,0.2133,0.4123,3
0.0000,0.2133,0.2612,3
0.0000,0.2133,0.2612,3
0.0000,0.2173,0.1773,3
0.0000,0.2173,0.1773,3
0.0000,0.2173,0.1269,3
0.0000,0.2173,0.1269,3
0.0666,0.2133,0.0766,3
0.0673,0.2133,0.0766,3
0.1016,0.2133,0.0598,3
0.1024,0.2133,0.0598,3
0.1775,0.2168,0.0262,3
0.1785,0.2168,0.0262,3
0.2171,0.2168,-0.0074,3
0.2182,0.2168,-0.0074,3
0.2082,0.2133,0.0094,3
0.2092,0.2133,0.0094,3
0.0000,0.2133,0.4123,3
0.0000,0.2133,0.4123,3
0.0000,0.2173,0.6642,3
0.0000,0.2173,0.6642,3
0.0000,0.2173,0.4459,3
0.0000,0.2173,0.4459,3
0.0000,0.2133,0.2612,3
0.0000,0.2133,0.2612,3
0.0000,0.2133,0.1773,3
0.0000,0.2133,0.1773,3
0.0119,0.2173,0.1101,3
0.0124,0.2173,0.1101,3
0.1139,0.2173,0.0598,3
0.1147,0.2173,0.0598,3

0.0000,0.0000,-0.0410,1
0.0000,0.0000,-0.0578,1
0.0000,0.0668,-0.0578,1
0.0000,0.0668,-0.0578,1
0.0000,0.0863,-0.0578,1
0.0000,0.0863,-0.0578,1
0.0000,0.0863,-0.0578,1
0.0000,0.0863,-0.0578,1
0.0000,0.0578,-0.0578,1
0.0000,0.0578,-0.0578,1
0.0000,0.0578,-0.0578,1
0.0000,0.0578,-0.0745,1
0.0000,0.0218,-0.0745,1
0.0000,0.0218,-0.0578,1
0.0000,0.0218,-0.0578,1
0.0000,0.0218,-0.0578,1
0.0000,0.0373,-0.0578,1
0.0000,0.0373,-0.0578,1
0.0000,0.0373,-0.0578,1
0.0000,0.0373,-0.0745,1
0.0000,0.0573,-0.0745,1
0.0000,0.0573,-0.0578,1
0.0000,0.0573,-0.0578,1
0.0000,0.0573,-0.0745,1
0.0000,0.0218,-0.0745,1
0.0000,0.0218,-0.0410,1
0.0000,0.0218,-0.0410,1
0.0000,0.0218,-0.0410,1
0.0000,0.0373,-0.0410,1
0.0000,0.0373,-0.0578,1
0.0000,0.0373,-0.0578,1
0.0000,0.0373,-0.0578,1
0.0000,0.0578,-0.0578,1
0.0000,0.0578,-0.0578,1
0.0000,0.0578,-0.0578,1
0.0000,0.0578,-0.0745,1
0.0000,0.0213,-0.0745,1
0.0000,0.0213,-0.0745,1
0.0000,0.0213,-0.0745,1
0.0000,0.0213,-0.0913,1
0.0000,0.0372,-0.0913,1
0.0000,0.0372,-0.0913,1
0.0000,0.0372,-0.0913,1
0.0000,0.0372,-0.0745,1
0.0000,0.0577,-0.0745,1
0.0000,0.0577,-0.0578,1
0.0000,0.0577,-0.0578,1
0.0000,0.0577,-0.0745,1
0.0000,0.0212,-0.0745,1
0.0000,0.0212,-0.0745,1
0.0000,0.0212,-0.0745,1
0.0000,0.0212,-0.0913,1
0.0000,0.0577,-0.0913,1
0.0000,0.0577,-0.0745,1
0.0000,0.0577,-0.0745,1
0.0000,0.0577,-0.0745,1
0.0000,0.0372,-0.0745,1
0.0000,0.0372,-0.0745,1
0.0000,0.0372,-0.0745,1
0.0000,0.0372,-0.0745,1
0.0000,0.0212,-0.0745,1
0.0000,0.0212,-0.0745,1
0.0000,0.0212,-0.0745,1
0.0000,0.0212,-0.0745,1
0.0000,0.0572,-0.0745,1
0.0000,0.0572,-0.0745,1
0.0000,0.0572,-0.0745,1
0.0000,0.0572,-0.0578,1
0.0000,0.0217,-0.0578,1
0.0000,0.0217,-0.0410,1
0.0000,0.0217,-0.0410,1
0.0000,0.0217,-0.0410,1
0.0000,0.0372,-0.0410,1
0.0000,0.0372,-0.0410,1
0.0000,0.0372,-0.0410,1
0.0000,0.0372,-0.0745,1
0.0000,0.0577,-0.0745,1
0.0000,0.0577,-0.0745,1
0.0000,0.0577,-0.0745,1
0.0000,0.0577,-0.0578,1
0.0000,0.0217,-0.0578,1
0.0000,0.0217,-0.0578,1
0.0000,0.0217,-0.0578,1
0.0000,0.0217,-0.0410,1
0.0000,0.0372,-0.0410,1
0.0000,0.0372,-0.0578,1
0.0000,0.0372,-0.0578,1
0.0000,0.0372,-0.0410,1
0.0000,0.0572,-0.0410,1
0.0000,0.0572,-0.0578,1
0.0000,0.0572,-0.0578,1
0.0000,0.0572,-0.0745,1
0.0000,0.0217,-0.0745,1
0.0000,0.0217,-0.0578,1
0.0000,0.0217,-0.0578,1
0.0000,0.0217,-0.0578,1
0.0000,0.0372,-0.0578,1
0.0000,0.0372,-0.0578,1
0.0000,0.0372,-0.0578,1
0.0000,0.0372,-0.0578,1
0.0000,0.0577,-0.0578,1
0.0000,0.0577,-0.0578,1
0.0000,0.0577,-0.0578,1
0.0000,0.0577,-0.0578,1
0.0000,0.0212,-0.0578,1
0.0000,0.0212,-0.0578,1
0.0000,0.0212,-0.0578,1
0.0000,0.0212,-0.0578,1
0.0000,0.0372,-0.0578,1
0.0000,0.0372,-0.0410,1
0.0000,0.0372,-0.0410,1
0.0000,0.0372,-0.0578,1
0.0000,0.0577,-0.0578,1
0.0000,0.0577,-0.0242,1
0.0000,0.0577,-0.0242,1
0.0000,0.0577,-0.0578,1
0.0000,0.0217,-0.0578,1
0.0000,0.0217,-0.0410,1
0.0000,0.0217,-0.0410,1
0.0000,0.0217,-0.0410,1
0.0000,0.0372,-0.0410,1
0.0000,0.0372,-0.0578,1
0.0000,0.0372,-0.0578,1
0.0000,0.0372,-0.0745,1
0.0000,0.0577,-0.0745,1
0.0000,0.0577,-0.0745,1
0.0000,0.0577,-0.0745,1
0.0000,0.0577,-0.0578,1
0.0000,0.0217,-0.0578,1
0.0000,0.0217,-0.0410,1
0.0000,0.0217,-0.0410,1
0.0000,0.0217,-0.0410,1
0.0000,0.0367,-0.0410,1
0.0000,0.0367,-0.0410,1
0.0000,0.0367,-0.0410,1
0.0000,0.0367,-0.0410,1
0.0000,0.0577,-0.0410,1
0.0000,0.0577,-0.0242,1
0.0000,0.0577,-0.0242,1
0.0000,0.0577,-0.0410,1
0.0000,0.0216,-0.0410,1
0.0000,0.0216,-0.0578,1
0.0000,0.0216,-0.0578,1
0.0000,0.0216,-0.0578,1
0.0000,0.0371,-0.0578,1
0.0000,0.0371,-0.0745,1
0.0000,0.0371,-0.0745,1
0.0000,0.0371,-0.0578,1
0.0000,0.0576,-0.0578,1
0.0000,0.0576,-0.0578,1
0.0000,0.0576,-0.0578,1
0.0000,0.0576,-0.0745,1
0.0000,0.0211,-0.0745,1
0.0000,0.0211,-0.0410,1
0.0000,0.0211,-0.0410,1
0.0000,0.0211,-0.0745,1
0.0000,0.0371,-0.0745,1
0.0000,0.0371,-0.0410,1
0.0000,0.0371,-0.0410,1
0.0000,0.0371,-0.0578,1
0.0000,0.0576,-0.0578,1
0.0000,0.0576,-0.0578,1
0.0000,0.0576,-0.0578,1
0.0000,0.0576,-0.0578,1
0.0000,0.0216,-0.0578,1
0.0000,0.0216,-0.0745,1
0.0000,0.0216,-0.0745,1
0.0000,0.0216,-0.0745,1
0.0000,0.0371,-0.0745,1
0.0000,0.0371,-0.0745,1
0.0000,0.0371,-0.0745,1
0.0000,0.0371,-0.0745,1
0.0000,0.0576,-0.0745,1
0.0000,0.0576,-0.0578,1
0.0000,0.0576,-0.0578,1
0.0000,0.0576,-0.0745,1
0.0000,0.0216,-0.0745,1
0.0000,0.0216,-0.0745,1
0.0000,0.0216,-0.0745,1
0.0000,0.0216,-0.0745,1
0.0000,0.0366,-0.0745,1
0.0000,0.0366,-0.0745,1
0.0000,0.0366,-0.0745,1
0.0000,0.0366,-0.0745,1
0.0000,0.0576,-0.0745,1
0.0000,0.0576,-0.0410,1
0.0000,0.0576,-0.0410,1
0.0000,0.0576,-0.0578,1
0.0000,0.0211,-0.0578,1
0.0000,0.0211,-0.0745,1
0.0000,0.0211,-0.0745,1
0.0000,0.0211,-0.0745,1
0.0000,0.0376,-0.0745,1
0.0000,0.0376,-0.0410,1
0.0000,0.0376,-0.0410,1
0.0000,0.0376,-0.0578,1
0.0000,0.0571,-0.0578,1
0.0000,0.0571,-0.0410,1
0.0000,0.0571,-0.0410,1
0.0000,0.0571,-0.0410,1
0.0000,0.0561,-0.0410,1
0.0000,0.0561,-0.0410,1
0.0000,0.0561,-0.0410,1
0.0000,0.0561,-0.0410,1
0.0000,0.0785,-0.0410,1
0.0000,0.0785,-0.0578,1
0.0000,0.0785,-0.0578,1
0.0000,0.0785,-0.0578,1
0.0000,0.0992,-0.0578,1
0.0000,0.0992,-0.0578,1
0.0000,0.0992,-0.0578,1
0.0000,0.0992,-0.0578,1
0.0000,0.1203,-0.0578,1
0.0000,0.1203,-0.0410,1
0.0000,0.1203,-0.0410,1
0.0000,0.1203,-0.0410,1
0.0000,0.1399,-0.0410,1
0.0000,0.1399,-0.0578,1
0.0000,0.1399,-0.0578,1
0.0000,0.1399,-0.0578,1
0.0000,0.1781,-0.0578,1
0.0000,0.1781,-0.0242,1
0.0000,0.1781,-0.0242,1
0.0000,0.1781,-0.0410,1
0.0000,0.1793,-0.0410,1
0.0000,0.1793,-0.0578,1
0.0000,0.1793,-0.0578,1
0.0000,0.1793,-0.0578,1
0.0000,0.1974,-0.0578,1
0.0000,0.1974,-0.0745,1
0.0000,0.1974,-0.0745,1
0.0000,0.1974,-0.0745,1
0.0000,0.2157,-0.0745,1
0.0341,0.2157,-0.0410,1
0.0350,0.2157,-0.0410,1
0.0000,0.2157,-0.0745,1
0.0052,0.2337,-0.0745,1
0.0734,0.2337,-0.0410,1
0.0743,0.2337,-0.0410,1
0.0416,0.2337,-0.0578,1
0.0123,0.2186,-0.0578,1
0.0804,0.2186,-0.0242,1
0.0814,0.2186,-0.0242,1
0.0150,0.2186,-0.0578,1
0.0570,0.2391,-0.0578,1
0.0915,0.2391,-0.0410,1
0.0925,0.2391,-0.0410,1
0.0935,0.2391,-0.0410,1
0.1266,0.2551,-0.0410,1
0.1613,0.2551,-0.0242,1
0.1625,0.2551,-0.0242,1
0.0626,0.2551,-0.0745,1
0.0000,0.2186,-0.0745,1
0.0584,0.2186,-0.0410,1
0.0593,0.2186,-0.0410,1
0.0602,0.2186,-0.0410,1
0.1012,0.2386,-0.0410,1
0.1358,0.2386,-0.0242,1
0.1369,0.2386,-0.0242,1
0.1380,0.2386,-0.0242,1
0.1722,0.2551,-0.0242,1
0.2070,0.2551,-0.0074,1
0.2082,0.2551,-0.0074,1
0.1758,0.2551,-0.0242,1
0.1048,0.2191,-0.0242,1
0.1394,0.2191,-0.0074,1
0.1405,0.2191,-0.0074,1
0.1415,0.2191,-0.0074,1
0.2138,0.2546,-0.0074,1
0.1813,0.2546,-0.0242,1
0.1825,0.2546,-0.0242,1
0.1836,0.2546,-0.0242,1
0.1537,0.2391,-0.0242,1
0.1548,0.2391,-0.0242,1
0.1559,0.2391,-0.0242,1
0.1569,0.2391,-0.0242,1
0.1169,0.2186,-0.0242,1
0.1516,0.2186,-0.0074,1
0.1526,0.2186,-0.0074,1
0.1537,0.2186,-0.0074,1
0.1948,0.2386,-0.0074,1
0.1960,0.2386,-0.0074,1
0.1971,0.2386,-0.0074,1
0.1983,0.2386,-0.0074,1
0.2326,0.2551,-0.0074,1
0.2298,0.2551,0.0094,1
0.2310,0.2551,0.0094,1
0.2363,0.2551,-0.0074,1
0.1643,0.2186,-0.0074,1
0.0000,0.2186,0.3955,1
0.0000,0.2186,0.3955,1
0.0000,0.2186,0.2612,1
0.0000,0.2387,0.2612,1
0.0000,0.2387,0.1773,1
0.0000,0.2387,0.1773,1
0.0000,0.2387,0.1101,1
0.0327,0.2557,0.1101,1
0.1344,0.2557,0.0598,1
0.1354,0.2557,0.0598,1
0.2037,0.2557,0.0262,1
0.1307,0.2187,0.0262,1
0.1317,0.2187,0.0262,1
0.1326,0.2187,0.0262,1
0.1672,0.2187,0.0094,1
0.2415,0.2552,0.0094,1
0.2091,0.2552,0.0262,1
0.2102,0.2552,0.0262,1
0.2450,0.2552,0.0094,1
0.2142,0.2392,0.0094,1
0.2153,0.2392,0.0094,1
0.2165,0.2392,0.0094,1
0.2216,0.2392,-0.0074,1
0.1817,0.2187,-0.0074,1
0.1828,0.2187,-0.0074,1
0.1838,0.2187,-0.0074,1
0.1512,0.2187,-0.0242,1
0.2254,0.2552,-0.0242,1
0.2602,0.2552,-0.0074,1
0.2614,0.2552,-0.0074,1
0.2627,0.2552,-0.0074,1
0.2318,0.2392,-0.0074,1
0.0000,0.2392,0.3955,1
0.0000,0.2392,0.3955,1
0.0000,0.2392,0.6474,1
0.0000,0.2187,0.6474,1
0.0000,0.2187,0.4291,1
0.0000,0.2187,0.4291,1
0.0000,0.2187,0.2780,2
0.0000,0.2187,0.2780,2
0.0000,0.2612,1.5372,2
0.0000,0.2612,1.5372,2
0.0000,0.2612,0.9831,2
0.0000,0.2147,0.9831,2
0.1460,0.2147,-0.0242,2
0.1469,0.2147,-0.0242,2
0.0000,0.2147,-0.1081,2
0.0593,0.2542,-0.1081,2
0.1610,0.2542,-0.0578,2
0.1620,0.2542,-0.0578,2
0.1293,0.2542,-0.0745,2
0.0992,0.2387,-0.0745,2
0.1000,0.2387,-0.0745,2
0.1008,0.2387,-0.0745,2
0.1689,0.2387,-0.0410,2
0.1288,0.2182,-0.0410,2
0.1297,0.2182,-0.0410,2
0.1306,0.2182,-0.0410,2
0.1652,0.2182,-0.0242,2
0.2072,0.2387,-0.0242,2
0.2420,0.2387,-0.0074,2
0.2431,0.2387,-0.0074,2
0.0000,0.2387,0.3788,2
0.0000,0.2377,0.3788,2
0.0000,0.2377,0.6642,2
0.0000,0.2377,0.6642,2
0.0000,0.2377,0.4459,2
0.0000,0.2542,0.4459,2
0.0000,0.2542,0.2780,2
0.0000,0.2542,0.2780,2
0.0000,0.2542,0.1605,2
0.0000,0.2387,0.1605,2
0.0692,0.2387,0.0933,2
0.0699,0.2387,0.0933,2
0.1716,0.2387,0.0430,2
0.1726,0.2387,0.0430,2
0.2073,0.2387,0.0262,2
0.2083,0.2387,0.0262,2
0.2094,0.2387,0.0262,2
0.1693,0.2182,0.0262,2
0.1703,0.2182,0.0262,2
0.1713,0.2182,0.0262,2
0.1722,0.2182,0.0262,2
0.2123,0.2377,0.0262,2
0.0000,0.2377,0.4123,2
0.0000,0.2377,0.4123,2
0.0000,0.2377,0.2780,2
0.0000,0.2382,0.2780,2
0.0000,0.2382,0.1773,2
0.0000,0.2382,0.1773,2
0.0445,0.2382,0.1101,2
0.0772,0.2542,0.1101,2
0.1789,0.2542,0.0598,2
0.1799,0.2542,0.0598,2
0.2146,0.2542,0.0430,2
0.1845,0.2387,0.0430,2
0.1855,0.2387,0.0430,2
0.1865,0.2387,0.0430,2
0.2211,0.2387,0.0262,2
0.2212,0.2382,0.0262,2
0.0000,0.2382,0.4291,2
0.0000,0.2382,0.4291,2
0.0000,0.2382,0.6977,2
0.0000,0.2183,0.6977,2
0.0000,0.2183,0.4627,2
0.0000,0.2183,0.4627,2
0.0000,0.2183,0.2780,2
0.0000,0.2388,0.2780,2
0.0000,0.2388,0.1773,2
0.0000,0.2388,0.1773,2
0.0844,0.2388,0.0933,2
0.0831,0.2378,0.0933,2
0.1848,0.2378,0.0430,2
0.1858,0.2378,0.0430,2
0.2541,0.2378,0.0094,2
0.2883,0.2543,0.0094,2
0.2896,0.2543,0.0094,2
0.2908,0.2543,0.0094,2
0.0000,0.2543,0.3955,2
0.0000,0.2383,0.3955,2
0.0000,0.2383,0.2612,2
0.0000,0.2383,0.2612,2
0.0000,0.2383,0.1773,2
0.0000,0.2388,0.1773,2
0.0579,0.2388,0.1101,2
0.0585,0.2388,0.1101,2
0.1601,0.2388,0.0598,2
0.1199,0.2183,0.0598,2
0.1544,0.2183,0.0430,2
0.1553,0.2183,0.0430,2
0.2235,0.2183,0.0094,2
0.2646,0.2383,0.0094,2
0.2321,0.2383,0.0262,2
0.2332,0.2383,0.0262,2
0.0000,0.2383,0.3955,2
0.0000,0.2548,0.3955,2
0.0000,0.2548,0.2780,2
0.0000,0.2548,0.2780,2
0.0000,0.2548,0.1773,2
0.0000,0.2383,0.1773,2
0.0313,0.2383,0.1269,2
0.0318,0.2383,0.1269,2
0.1334,0.2383,0.0766,2
0.1352,0.2388,0.0766,2
0.1696,0.2388,0.0598,2
0.1705,0.2388,0.0598,2
0.2388,0.2388,0.0262,2
0.1987,0.2183,0.0262,2
0.2333,0.2183,0.0094,2
0.2344,0.2183,0.0094,2
0.0000,0.2183,0.3955,2
0.0000,0.2383,0.3955,2
0.0000,0.2383,0.2612,2
0.0000,0.2383,0.2612,2
0.0000,0.2383,0.1605,2
0.0000,0.2383,0.1605,2
0.1061,0.2383,0.0933,2
0.1068,0.2383,0.0933,2
0.2086,0.2383,0.0430,2
0.2406,0.2538,0.0430,2
0.2753,0.2538,0.0262,2
0.2765,0.2538,0.0262,2
0.2776,0.2538,0.0262,2
0.2487,0.2388,0.0262,2
0.0000,0.2388,0.4291,2
0.0000,0.2388,0.4291,2
0.0000,0.2388,0.6810,2
0.0000,0.2388,0.6810,2
0.0000,0.2388,0.4459,2
0.0000,0.2388,0.4459,3
0.0000,0.2388,0.2780,3
0.0000,0.0358,0.2780,3
0.0000,0.0358,1.3357,3
0.0000,0.0358,1.3357,3
0.0000,0.0358,0.8488,3
0.0000,0.0608,0.8488,3
0.0000,0.0608,0.5466,3
0.0000,0.0608,0.5466,3
0.0000,0.0608,0.3116,3
0.0000,0.0198,0.3116,3
0.0000,0.0198,0.1605,3
0.0000,0.0198,0.1605,3
0.0000,0.0198,0.0766,3
0.0000,0.0408,0.0766,3
0.0000,0.0408,0.0430,3
0.0000,0.0408,0.0430,3
0.0000,0.0408,-0.0242,3
0.0000,0.0363,-0.0242,3
0.0000,0.0363,-0.0578,3
0.0000,0.0363,-0.0578,3
0.0000,0.0363,-0.0745,3
0.0000,0.0413,-0.0745,3
0.0000,0.0413,-0.0913,3
0.0000,0.0413,-0.0913,3
0.0000,0.0413,-0.1081,3
0.0000,0.0363,-0.1081,3
0.0000,0.0363,-0.1249,3
0.0000,0.0363,-0.1249,3
0.0000,0.0363,-0.1417,3
0.0000,0.0408,-0.1417,3
0.0000,0.0408,-0.1417,3
0.0000,0.0408,-0.1417,3
0.0000,0.0408,-0.1417,3
0.0000,0.0573,-0.1417,3
0.0000,0.0573,-0.1249,3
0.0000,0.0573,-0.1249,3
0.0000,0.0573,-0.1417,3
0.0000,0.0203,-0.1417,3
0.0000,0.0203,-0.1417,3
0.0000,0.0203,-0.1417,3
0.0000,0.0203,-0.2256,3
0.0000,0.0573,-0.2256,3
0.0000,0.0573,-0.1921,3
0.0000,0.0573,-0.1921,3
0.0000,0.0573,-0.2592,3
0.0000,0.0198,-0.2592,3
0.0000,0.0198,-0.2928,3
0.0000,0.0198,-0.2928,3
0.0000,0.0198,-0.2424,3
0.0000,0.0408,-0.2424,3
0.0000,0.0408,-0.2256,3
0.0000,0.0408,-0.2256,3
0.0000,0.0408,-0.2760,3
0.0000,0.0363,-0.2760,3
0.0000,0.0363,-0.2256,3
0.0000,0.0363,-0.2256,3
0.0000,0.0363,-0.2760,3
0.0000,0.0413,-0.2760,3
0.0000,0.0413,-0.2928,3
0.0000,0.0413,-0.2928,3
0.0000,0.0413,-0.2424,3
0.0000,0.0363,-0.2424,3
0.0000,0.0363,-0.2928,3
0.0000,0.0363,-0.2928,3
0.0000,0.0363,-0.3096,3
0.0000,0.0412,-0.3096,3
0.0000,0.0412,-0.2592,3
0.0000,0.0412,-0.2592,3
0.0000,0.0412,-0.2256,3
0.0000,0.0362,-0.2256,3
0.0000,0.0362,-0.2256,3
0.0000,0.0362,-0.2256,3
0.0000,0.0362,-0.2089,3
0.0000,0.0412,-0.2089,3
0.0000,0.0412,-0.1921,3
0.0000,0.0412,-0.1921,3
0.0000,0.0412,-0.1921,3
0.0000,0.0367,-0.1921,3
0.0000,0.0367,-0.1585,3
0.0000,0.0367,-0.1585,3
0.0000,0.0367,-0.1585,3
0.0000,0.0412,-0.1585,3
0.0000,0.0412,-0.1417,3
0.0000,0.0412,-0.1417,3
0.0000,0.0412,-0.1417,3
0.0000,0.0567,-0.1417,3
0.0000,0.0567,-0.1417,3
0.0000,0.0567,-0.1417,3
0.0000,0.0567,-0.1417,3
0.0000,0.0202,-0.1417,3
0.0000,0.0202,-0.1417,3
0.0000,0.0202,-0.1417,3
0.0000,0.0202,-0.1417,3
0.0000,0.0572,-0.1417,3
0.0000,0.0572,-0.1585,3
0.0000,0.0572,-0.1585,3
0.0000,0.0572,-0.1417,3
0.0000,0.0202,-0.1417,3
0.0000,0.0202,-0.1249,3
0.0000,0.0202,-0.1249,3
0.0000,0.0202,-0.1417,3
0.0000,0.0572,-0.1417,3
0.0000,0.0572,-0.1417,3
0.0000,0.0572,-0.1417,3
0.0000,0.0572,-0.1417,3
0.0000,0.0202,-0.1417,3
0.0000,0.0202,-0.1417,3
0.0000,0.0202,-0.1417,3
0.0000,0.0202,-0.1417,3
0.0000,0.0567,-0.1417,3
0.0000,0.0567,-0.1417,3
0.0000,0.0567,-0.1417,3
0.0000,0.0567,-0.1249,3
0.0000,0.0202,-0.1249,3
0.0000,0.0202,-0.1417,3
0.0000,0.0202,-0.1417,3
0.0000,0.0202,-0.1417,3
0.0000,0.0402,-0.1417,3
0.0000,0.0402,-0.1249,3
0.0000,0.0402,-0.1249,3
0.0000,0.0402,-0.1249,3
0.0000,0.0367,-0.1249,3
0.0000,0.0367,-0.1249,3
0.0000,0.0367,-0.1249,3
0.0000,0.0367,-0.1249,3
0.0000,0.0407,-0.1249,3
0.0000,0.0407,-0.1081,3
0.0000,0.0407,-0.1081,3
0.0000,0.0407,-0.1249,3
0.0000,0.0572,-0.1249,3
0.0000,0.0572,-0.1249,3
0.0000,0.0572,-0.1249,3
0.0000,0.0572,-0.1249,3
0.0000,0.0207,-0.1249,3
0.0000,0.0207,-0.1081,3
0.0000,0.0207,-0.1081,3
0.0000,0.0207,-0.1249,3
0.0000,0.0567,-0.1249,3
0.0000,0.0567,-0.1249,3
0.0000,0.0567,-0.1249,3
0.0000,0.0567,-0.1249,3
0.0000,0.0207,-0.1249,3
0.0000,0.0207,-0.1081,3
0.0000,0.0207,-0.1081,3
0.0000,0.0207,-0.1081,3
0.0000,0.0572,-0.1081,3
0.0000,0.0572,-0.0913,3
0.0000,0.0572,-0.0913,3
0.0000,0.0572,-0.1249,3
0.0000,0.0207,-0.1249,3
0.0000,0.0207,-0.1081,3
0.0000,0.0207,-0.1081,3
0.0000,0.0207,-0.1249,3
0.0000,0.0567,-0.1249,3
0.0000,0.0567,-0.1081,3
0.0000,0.0567,-0.1081,3
0.0000,0.0567,-0.1081,3
0.0000,0.0207,-0.1081,3
0.0000,0.0207,-0.0913,3
0.0000,0.0207,-0.0913,3
0.0000,0.0207,-0.1081,3
0.0000,0.0567,-0.1081,3
0.0000,0.0567,-0.0913,3
0.0000,0.0567,-0.0913,3
0.0000,0.0567,-0.1081,3
0.0000,0.0201,-0.1081,3
0.0000,0.0201,-0.0745,3
0.0000,0.0201,-0.0745,3
0.0000,0.0201,-0.0913,3
0.0000,0.0566,-0.0913,3
0.0000,0.0566,-0.0745,3
0.0000,0.0566,-0.0745,3
0.0000,0.0566,-0.1081,3
0.0000,0.0201,-0.1081,3
0.0000,0.0201,-0.0913,3
0.0000,0.0201,-0.0913,3
0.0000,0.0201,-0.1081,3
0.0000,0.0406,-0.1081,3
0.0000,0.0406,-0.1081,3
0.0000,0.0406,-0.1081,3
0.0000,0.0406,-0.1081,3
0.0000,0.0361,-0.1081,3
0.0000,0.0361,-0.1081,3
0.0000,0.0361,-0.1081,3
0.0000,0.0361,-0.1081,3
0.0000,0.0411,-0.1081,3
0.0000,0.0411,-0.1081,3
0.0000,0.0411,-0.1081,3
0.0000,0.0411,-0.1081,3
0.0000,0.0361,-0.1081,3
0.0000,0.0361,-0.1081,3
0.0000,0.0361,-0.1081,3
0.0000,0.0361,-0.1081,3
0.0000,0.0406,-0.1081,3
0.0000,0.0406,-0.1081,3
0.0000,0.0406,-0.1081,3
0.0000,0.0406,-0.1081,3
0.0000,0.0571,-0.1081,3
0.0000,0.0571,-0.1417,3
0.0000,0.0571,-0.1417,3
0.0000,0.0571,-0.1249,3
0.0000,0.0201,-0.1249,3
0.0000,0.0201,-0.1081,3
0.0000,0.0201,-0.1081,3
0.0000,0.0201,-0.0913,3
0.0000,0.0566,-0.0913,3
0.0000,0.0566,-0.0913,3
0.0000,0.0566,-0.0913,3
0.0000,0.0566,-0.0913,3
0.0000,0.0201,-0.0913,3
0.0000,0.0201,-0.0745,3
0.0000,0.0201,-0.0745,3
0.0000,0.0201,-0.1081,3
0.0000,0.0406,-0.1081,3
0.0000,0.0406,-0.0745,3
0.0000,0.0406,-0.0745,3
0.0000,0.0406,-0.0913,4
0.0000,0.0406,-0.0913,4
0.0000,0.0306,0.0262,4
0.0000,0.0306,0.0262,4
0.0000,0.0306,-0.0074,4
0.0000,0.0451,-0.0074,4
0.0000,0.0451,-0.0242,4
0.0000,0.0451,-0.0242,4
0.0000,0.0451,-0.0242,4
0.0000,0.0571,-0.0242,4
0.0000,0.0571,-0.0242,4
0.0000,0.0571,-0.0242,4
0.0000,0.0571,-0.0410,4
0.0000,0.0211,-0.0410,4
0.0000,0.0211,-0.0074,4
0.0000,0.0211,-0.0074,4
0.0000,0.0211,-0.0242,4
0.0000,0.0371,-0.0242,4
0.0000,0.0371,-0.0410,4
0.0000,0.0371,-0.0410,4
0.0000,0.0371,-0.0242,4
0.0000,0.0411,-0.0242,4
0.0000,0.0411,-0.0410,4
0.0000,0.0411,-0.0410,4
0.0000,0.0411,-0.0410,4
0.0000,0.0366,-0.0410,4
0.0000,0.0366,-0.0410,4
0.0000,0.0366,-0.0410,4
0.0000,0.0366,-0.0578,4
0.0000,0.0571,-0.0578,4
0.0000,0.0571,-0.0410,4
0.0000,0.0571,-0.0410,4
0.0000,0.0571,-0.0242,4
0.0000,0.0206,-0.0242,4
0.0000,0.0206,-0.0410,4
0.0000,0.0206,-0.0410,4
0.0000,0.0206,-0.0410,4
0.0000,0.0576,-0.0410,4
0.0000,0.0576,-0.0242,4
0.0000,0.0576,-0.0242,4
0.0000,0.0576,-0.0242,4
0.0000,0.0206,-0.0242,4
0.0000,0.0206,-0.0242,4
0.0000,0.0206,-0.0242,4
0.0000,0.0206,-0.0578,4
0.0000,0.0571,-0.0578,4
0.0000,0.0571,-0.0578,4
0.0000,0.0571,-0.0578,4
0.0000,0.0571,-0.0578,4
0.0000,0.0210,-0.0578,4
0.0000,0.0210,-0.0410,4
0.0000,0.0210,-0.0410,4
0.0000,0.0210,-0.0242,4
0.0000,0.0365,-0.0242,4
0.0000,0.0365,-0.0242,4
0.0000,0.0365,-0.0242,4
0.0000,0.0365,-0.0242,4
0.0000,0.0575,-0.0242,4
0.0000,0.0575,-0.0242,4
0.0000,0.0575,-0.0242,4
0.0000,0.0575,-0.0410,4
0.0000,0.0205,-0.0410,4
0.0000,0.0205,-0.0410,4
0.0000,0.0205,-0.0410,4
0.0000,0.0205,-0.0410,4
0.0000,0.0570,-0.0410,4
0.0000,0.0570,-0.0410,4
0.0000,0.0570,-0.0410,4
0.0000,0.0570,-0.0578,4
0.0000,0.0205,-0.0578,4
0.0000,0.0205,-0.0410,4
0.0000,0.0205,-0.0410,4
0.0000,0.0205,-0.0578,4
0.0000,0.0570,-0.0578,4
0.0000,0.0570,-0.0410,4
0.0000,0.0570,-0.0410,4
0.0000,0.0570,-0.0410,4
0.0000,0.0210,-0.0410,4
0.0000,0.0210,-0.0242,4
0.0000,0.0210,-0.0242,4
0.0000,0.0210,-0.0242,4
0.0000,0.0370,-0.0242,4
0.0000,0.0370,-0.0410,4
0.0000,0.0370,-0.0410,4
0.0000,0.0370,-0.0578,4
0.0000,0.0410,-0.0578,4
0.0000,0.0410,-0.0410,4
0.0000,0.0410,-0.0410,4
0.0000,0.0410,-0.0242,4
0.0000,0.0365,-0.0242,4
0.0000,0.0365,-0.0242,4
0.0000,0.0365,-0.0242,4
0.0000,0.0365,-0.0410,4
0.0000,0.0570,-0.0410,4
0.0000,0.0570,-0.0242,4
0.0000,0.0570,-0.0242,4
0.0000,0.0570,-0.0242,4
0.0000,0.0205,-0.0242,4
0.0000,0.0205,-0.0242,4
0.0000,0.0205,-0.0242,4
0.0000,0.0205,-0.0410,4
0.0000,0.0575,-0.0410,4
0.0000,0.0575,-0.0242,4
0.0000,0.0575,-0.0242,4
0.0000,0.0575,-0.0578,4
0.0000,0.0210,-0.0578,4
0.0000,0.0210,-0.0410,4
0.0000,0.0210,-0.0410,4
0.0000,0.0210,-0.0578,4
0.0000,0.0365,-0.0578,4
0.0000,0.0365,-0.0242,4
0.0000,0.0365,-0.0242,4
0.0000,0.0365,-0.0578,4
0.0000,0.0410,-0.0578,4
0.0000,0.0410,-0.0242,4
0.0000,0.0410,-0.0242,4
0.0000,0.0410,-0.0242,4
0.0000,0.0365,-0.0242,4
0.0000,0.0365,-0.0074,4
0.0000,0.0365,-0.0074,4
0.0000,0.0365,-0.0410,4
0.0000,0.0575,-0.0410,4
0.0000,0.0575,-0.0242,4
0.0000,0.0575,-0.0242,4
0.0000,0.0575,-0.0578,4
0.0000,0.0205,-0.0578,4
0.0000,0.0205,-0.0578,4
0.0000,0.0205,-0.0578,4
0.0000,0.0205,-0.0410,4
0.0000,0.0570,-0.0410,4
0.0000,0.0570,-0.0410,4
0.0000,0.0570,-0.0410,4
0.0000,0.0570,-0.0242,4
0.0000,0.0210,-0.0242,4
0.0000,0.0210,-0.0242,4
0.0000,0.0210,-0.0242,4
0.0000,0.0210,-0.0242,4
0.0000,0.0365,-0.0242,4
0.0000,0.0365,-0.0242,4
0.0000,0.0365,-0.0242,4
0.0000,0.0365,-0.0074,4
0.0000,0.0575,-0.0074,4
0.0000,0.0575,-0.0074,4
0.0000,0.0575,-0.0074,4
0.0000,0.0575,-0.0242,4
0.0000,0.0205,-0.0242,4
0.0000,0.0205,-0.0242,4
0.0000,0.0205,-0.0242,4
0.0000,0.0205,-0.0410,4
0.0000,0.0569,-0.0410,4
0.0000,0.0569,-0.0242,4
0.0000,0.0569,-0.0242,4
0.0000,0.0569,-0.0578,4
0.0000,0.0204,-0.0578,4
0.0000,0.0204,-0.0242,4
0.0000,0.0204,-0.0242,4
0.0000,0.0204,-0.0242,4
0.0000,0.0569,-0.0242,4
0.0000,0.0569,-0.0074,4
0.0000,0.0569,-0.0074,4
0.0000,0.0569,-0.0242,4
0.0000,0.0209,-0.0242,4
0.0000,0.0209,-0.0074,4
0.0000,0.0209,-0.0074,4
0.0000,0.0209,-0.0074,4
0.0000,0.0369,-0.0074,4
0.0000,0.0369,-0.0242,4
0.0000,0.0369,-0.0242,4
0.0000,0.0369,-0.0242,4
0.0000,0.0409,-0.0242,4
0.0000,0.0409,-0.0242,4
0.0000,0.0409,-0.0242,4
0.0000,0.0409,-0.0242,4
0.0000,0.0364,-0.0242,4
0.0000,0.0364,-0.0242,4
0.0000,0.0364,-0.0242,4
0.0000,0.0364,-0.0242,4
0.0000,0.0569,-0.0242,4
0.0000,0.0569,-0.0242,4
0.0000,0.0569,-0.0242,4
0.0000,0.0569,-0.0074,4
0.0000,0.0204,-0.0074,4
0.0000,0.0204,-0.0074,4
0.0000,0.0204,-0.0074,4
0.0000,0.0204,-0.0242,4
0.0000,0.0574,-0.0242,4
0.0000,0.0574,-0.0242,4
0.0000,0.0574,-0.0242,4
0.0000,0.0574,-0.0410,4
0.0000,0.0209,-0.0410,4
0.0000,0.0209,-0.0410,4
0.0000,0.0209,-0.0410,4
0.0000,0.0209,-0.0242,4
0.0000,0.0364,-0.0242,4
0.0000,0.0364,-0.0242,4
0.0000,0.0364,-0.0242,4
0.0000,0.0364,-0.0410,4
0.0000,0.0409,-0.0410,4
0.0000,0.0409,-0.0242,4
0.0000,0.0409,-0.0242,4
0.0000,0.0409,-0.0410,4
0.0000,0.0364,-0.0410,4
0.0000,0.0364,-0.0242,4
0.0000,0.0364,-0.0242,4
0.0000,0.0364,-0.0242,4
0.0000,0.0574,-0.0242,4
0.0000,0.0574,-0.0074,4
0.0000,0.0574,-0.0074,4
0.0000,0.0574,-0.0074,4
0.0000,0.0204,-0.0074,4
0.0000,0.0204,-0.0074,4
0.0000,0.0204,-0.0074,4
0.0000,0.0204,-0.0242,4
0.0000,0.0569,-0.0242,4
0.0000,0.0569,-0.0410,4
0.0000,0.0569,-0.0410,4
0.0000,0.0569,-0.0410,4
0.0000,0.0209,-0.0410,4
0.0000,0.0209,-0.0242,4
0.0000,0.0209,-0.0242,4
0.0000,0.0209,-0.0410,4
0.0000,0.0369,-0.0410,4
0.0000,0.0369,-0.0242,4
0.0000,0.0369,-0.0242,4
0.0000,0.0369,-0.0242,4
0.0000,0.0569,-0.0242,4
0.0000,0.0569,-0.0074,4
0.0000,0.0569,-0.0074,4
0.0000,0.0569,-0.0242,4
0.0000,0.0199,-0.0242,4
0.0000,0.0199,-0.0242,4
0.0000,0.0199,-0.0242,4
0.0000,0.0199,-0.0410,4
0.0000,0.0574,-0.0410,4
0.0000,0.0574,-0.0242,4
0.0000,0.0574,-0.0242,4
0.0000,0.0574,-0.0410,4
0.0000,0.0204,-0.0410,4
0.0000,0.0204,-0.0578,4
0.0000,0.0204,-0.0578,4
0.0000,0.0204,-0.0242,4
0.0000,0.0569,-0.0242,4
0.0000,0.0569,-0.0242,4
0.0000,0.0569,-0.0242,4
0.0000,0.0569,-0.0074,4
0.0000,0.0208,-0.0074,4
0.0000,0.0208,-0.0074,4
0.0000,0.0208,-0.0074,4
0.0000,0.0208,-0.0074,4
0.0000,0.0368,-0.0074,4
0.0000,0.0368,-0.0074,4
0.0000,0.0368,-0.0074,4
0.0000,0.0368,-0.0242,4
0.0000,0.0408,-0.0242,4
0.0000,0.0408,-0.0410,4
0.0000,0.0408,-0.0410,4
0.0000,0.0408,-0.0578,4
0.0000,0.0363,-0.0578,4
0.0000,0.0363,-0.0578,4
0.0000,0.0363,-0.0578,4
0.0000,0.0363,-0.0410,4
0.0000,0.0568,-0.0410,4
0.0000,0.0568,-0.0242,4
0.0000,0.0568,-0.0242,4
0.0000,0.0568,-0.0410,4
0.0000,0.0203,-0.0410,4
0.0000,0.0203,-0.0074,4
0.0000,0.0203,-0.0074,4
0.0000,0.0203,-0.0242,4
0.0000,0.0568,-0.0242,4
0.0000,0.0568,-0.0410,4
0.0000,0.0568,-0.0410,4
0.0000,0.0568,-0.0410,4
0.0000,0.0208,-0.0410,4
0.0000,0.0208,-0.0410,4
0.0000,0.0208,-0.0410,4
0.0000,0.0208,-0.0410,4
0.0000,0.0368,-0.0410,4
0.0000,0.0368,-0.0242,4
0.0000,0.0368,-0.0242,4
0.0000,0.0368,-0.0242,4
0.0000,0.0408,-0.0242,4
0.0000,0.0408,-0.0242,4
0.0000,0.0408,-0.0242,4
0.0000,0.0408,-0.0242,4
0.0000,0.0363,-0.0242,4
0.0000,0.0363,-0.0074,4
0.0000,0.0363,-0.0074,4
0.0000,0.0363,-0.0242,4
0.0000,0.0568,-0.0242,4
0.0000,0.0568,-0.0242,4
0.0000,0.0568,-0.0242,4
0.0000,0.0568,-0.0242,4
0.0000,0.0208,-0.0242,4
0.0000,0.0208,-0.0410,4
0.0000,0.0208,-0.0410,4
0.0000,0.0208,-0.0410,4
0.0000,0.0568,-0.0410,4
0.0000,0.0568,-0.0410,4
0.0000,0.0568,-0.0410,4
0.0000,0.0568,-0.0410,4
0.0000,0.0208,-0.0410,4
0.0000,0.0208,-0.0242,4
0.0000,0.0208,-0.0242,4
0.0000,0.0208,-0.0242,4
0.0000,0.0363,-0.0242,4
0.0000,0.0363,-0.0074,4
0.0000,0.0363,-0.0074,4
0.0000,0.0363,-0.0074,4
0.0000,0.0408,-0.0074,4
0.0000,0.0408,-0.0074,4
0.0000,0.0408,-0.0074,4
0.0000,0.0408,-0.0242,4
0.0000,0.0363,-0.0242,4
0.0000,0.0363,-0.0242,4
0.0000,0.0363,-0.0242,4
0.0000,0.0363,-0.0242,4
0.0000,0.0573,-0.0242,4
0.0000,0.0573,-0.0242,4
0.0000,0.0573,-0.0242,4
0.0000,0.0573,-0.0242,4
0.0000,0.0203,-0.0242,4
0.0000,0.0203,-0.0410,4
0.0000,0.0203,-0.0410,4
0.0000,0.0203,-0.0242,4
